2025-12-30T13:36:29.992+05:30  INFO 17504 --- [Module4] [main] c.tech.Module4.Module4ApplicationTests   : Starting Module4ApplicationTests using Java 23.0.1 with PID 17504 (started by amank in D:\coding-shuttle-spring\module4)
2025-12-30T13:36:29.993+05:30  INFO 17504 --- [Module4] [main] c.tech.Module4.Module4ApplicationTests   : No active profile set, falling back to 1 default profile: "default"
2025-12-30T13:36:34.339+05:30  INFO 17504 --- [Module4] [main] .s.d.r.c.RepositoryConfigurationDelegate : Bootstrapping Spring Data JPA repositories in DEFAULT mode.
2025-12-30T13:36:34.572+05:30  INFO 17504 --- [Module4] [main] .s.d.r.c.RepositoryConfigurationDelegate : Finished Spring Data repository scanning in 192 ms. Found 1 JPA repository interface.
2025-12-30T13:36:40.062+05:30  INFO 17504 --- [Module4] [main] org.hibernate.orm.jpa                    : HHH008540: Processing PersistenceUnitInfo [name: default]
2025-12-30T13:36:40.571+05:30  INFO 17504 --- [Module4] [main] org.hibernate.orm.core                   : HHH000001: Hibernate ORM core version 7.2.0.Final
2025-12-30T13:36:44.114+05:30  INFO 17504 --- [Module4] [main] o.h.e.boot.internal.EnversServiceImpl    : Envers integration enabled? : true
2025-12-30T13:36:44.934+05:30  INFO 17504 --- [Module4] [main] o.s.o.j.p.SpringPersistenceUnitInfo      : No LoadTimeWeaver setup: ignoring JPA class transformer
2025-12-30T13:36:45.061+05:30  INFO 17504 --- [Module4] [main] com.zaxxer.hikari.HikariDataSource       : HikariPool-1 - Starting...
2025-12-30T13:36:45.557+05:30  INFO 17504 --- [Module4] [main] com.zaxxer.hikari.pool.HikariPool        : HikariPool-1 - Added connection org.postgresql.jdbc.PgConnection@54f9326c
2025-12-30T13:36:45.562+05:30  INFO 17504 --- [Module4] [main] com.zaxxer.hikari.HikariDataSource       : HikariPool-1 - Start completed.
2025-12-30T13:36:45.614+05:30  WARN 17504 --- [Module4] [main] org.hibernate.orm.deprecation            : HHH90000025: PostgreSQLDialect does not need to be specified explicitly using 'hibernate.dialect' (remove the property setting and it will be selected by default)
2025-12-30T13:36:45.668+05:30  INFO 17504 --- [Module4] [main] org.hibernate.orm.connections.pooling    : HHH10001005: Database info:
	Database JDBC URL [jdbc:postgresql://localhost:5432/Module4]
	Database driver: PostgreSQL JDBC Driver
	Database dialect: PostgreSQLDialect
	Database version: 17.5
	Default catalog/schema: Module4/public
	Autocommit mode: undefined/unknown
	Isolation level: READ_COMMITTED [default READ_COMMITTED]
	JDBC fetch size: none
	Pool: DataSourceConnectionProvider
	Minimum pool size: undefined/unknown
	Maximum pool size: undefined/unknown
2025-12-30T13:36:46.068+05:30  INFO 17504 --- [Module4] [main] o.h.e.c.i.m.AuditMetadataGenerator       : Adding properties for entity: com.tech.Module4.entities.PostEntity
2025-12-30T13:36:47.091+05:30  INFO 17504 --- [Module4] [main] org.hibernate.orm.core                   : HHH000489: No JTA platform available (set 'hibernate.transaction.jta.platform' to enable JTA platform integration)
2025-12-30T13:36:47.218+05:30  INFO 17504 --- [Module4] [main] j.LocalContainerEntityManagerFactoryBean : Initialized JPA EntityManagerFactory for persistence unit 'default'
2025-12-30T13:36:47.626+05:30  INFO 17504 --- [Module4] [main] o.s.d.j.r.query.QueryEnhancerFactories   : Hibernate is in classpath; If applicable, HQL parser will be used.
2025-12-30T13:36:47.900+05:30  WARN 17504 --- [Module4] [main] JpaBaseConfiguration$JpaWebConfiguration : spring.jpa.open-in-view is enabled by default. Therefore, database queries may be performed during view rendering. Explicitly configure spring.jpa.open-in-view to disable this warning
2025-12-30T13:36:48.507+05:30  INFO 17504 --- [Module4] [main] c.tech.Module4.Module4ApplicationTests   : Started Module4ApplicationTests in 19.028 seconds (process running for 20.867)
2025-12-30T13:36:49.056+05:30 TRACE 17504 --- [Module4] [main] c.t.M.clients.impl.EmployeeClientImpl    : Trying to retrieve all employee in getAllEmployees
2025-12-30T13:36:49.056+05:30  INFO 17504 --- [Module4] [main] c.t.M.clients.impl.EmployeeClientImpl    : Attempting to call the restClient Method in getAllEmployees:
2025-12-30T13:36:49.256+05:30 DEBUG 17504 --- [Module4] [main] c.t.M.clients.impl.EmployeeClientImpl    : Successfully retrieved the employees in getAllEmployees
2025-12-30T13:36:49.264+05:30 TRACE 17504 --- [Module4] [main] c.t.M.clients.impl.EmployeeClientImpl    : Retrieved employees list in getAllEmployees : [EmployeeDto(id=103, name=Rohan, email=rohan@gmail.com, age=24, role=null, salary=null, dateOfJoining=2024-01-01, isActive=null), EmployeeDto(id=104, name=Rohan, email=rohan@gmail.com, age=24, role=null, salary=null, dateOfJoining=2024-01-01, isActive=null), EmployeeDto(id=152, name=Rohan, email=rohan@gmail.com, age=24, role=null, salary=null, dateOfJoining=2024-01-01, isActive=null), EmployeeDto(id=202, name=Rohan, email=rohan@gmail.com, age=24, role=null, salary=null, dateOfJoining=2024-01-01, isActive=false), EmployeeDto(id=203, name=Shivam, email=shivam@gmail.com, age=24, role=null, salary=null, dateOfJoining=2024-01-01, isActive=true), EmployeeDto(id=252, name=Shivam, email=shivam@gmail.com, age=24, role=null, salary=null, dateOfJoining=2024-01-01, isActive=true), EmployeeDto(id=302, name=Mohan Raj Kumar, email=mohan@gmail.com, age=24, role=null, salary=null, dateOfJoining=2024-01-01, isActive=true), EmployeeDto(id=352, name=, email=rohan@gmail.com, age=23, role=null, salary=null, dateOfJoining=2024-01-01, isActive=true), EmployeeDto(id=353, name=, email=rohan@gmail.com, age=23, role=null, salary=null, dateOfJoining=2024-01-01, isActive=true), EmployeeDto(id=402, name=Rohan Kumar, email=rohan@gmail.com, age=18, role=null, salary=null, dateOfJoining=2024-01-01, isActive=true), EmployeeDto(id=452, name=Rohan Kumar, email=rohan12@gmail.com, age=18, role=null, salary=null, dateOfJoining=2024-01-01, isActive=true), EmployeeDto(id=502, name=Rohan Kumar, email=rohan12@gmail.com, age=18, role=null, salary=null, dateOfJoining=2024-01-01, isActive=true), EmployeeDto(id=552, name=Rohan Kumar, email=rohan12@gmail.com, age=18, role=USER, salary=null, dateOfJoining=2024-01-01, isActive=true), EmployeeDto(id=602, name=Rohan Kumar, email=rohan12@gmail.com, age=18, role=USER, salary=10000.0, dateOfJoining=2025-12-12, isActive=true), EmployeeDto(id=603, name=Rohan Kumar, email=rohan12@gmail.com, age=18, role=USER, salary=10000.0, dateOfJoining=2025-12-11, isActive=true), EmployeeDto(id=652, name=Rohan Kumar, email=rohan12@gmail.com, age=18, role=USER, salary=null, dateOfJoining=2025-12-11, isActive=true), EmployeeDto(id=653, name=Rohan Kumar, email=rohan12@gmail.com, age=18, role=USER, salary=null, dateOfJoining=2025-12-11, isActive=true), EmployeeDto(id=654, name=Rohan Kumar, email=rohan12@gmail.com, age=18, role=USER, salary=null, dateOfJoining=2025-12-11, isActive=true), EmployeeDto(id=702, name=Rohan Kumar, email=rohan12@gmail.com, age=18, role=USER, salary=10000.0, dateOfJoining=2025-12-11, isActive=true), EmployeeDto(id=703, name=Rohan Kumar, email=rohan12@gmail.com, age=18, role=USER, salary=10000.0, dateOfJoining=2025-12-11, isActive=true), EmployeeDto(id=752, name=Rohan Kumar, email=rohan12@gmail.com, age=18, role=ADMIN, salary=10000.0, dateOfJoining=2025-12-11, isActive=true), EmployeeDto(id=802, name=Rohan Kumar, email=rohan12@gmail.com, age=18, role=ADMIN, salary=10000.0, dateOfJoining=2025-12-11, isActive=true), EmployeeDto(id=803, name=Rohan Kumar, email=rohan12@gmail.com, age=18, role=USER, salary=10000.0, dateOfJoining=2025-12-11, isActive=true), EmployeeDto(id=852, name=Rohit Kumar, email=rohan12@gmail.com, age=18, role=USER, salary=10000.0, dateOfJoining=2025-12-11, isActive=true), EmployeeDto(id=902, name=Rohit Kumar, email=rohan12@gmail.com, age=18, role=USER, salary=10000.0, dateOfJoining=2025-12-11, isActive=true), EmployeeDto(id=952, name=Rohit Kumar, email=rohan12@gmail.com, age=18, role=USER, salary=10000.0, dateOfJoining=2025-12-11, isActive=true), EmployeeDto(id=953, name=Rohit Kumar, email=rohan12@gmail.com, age=18, role=USER, salary=10000.0, dateOfJoining=2025-12-11, isActive=true), EmployeeDto(id=1002, name=Rohit Kumar, email=rohan12@gmail.com, age=18, role=USER, salary=10000.0, dateOfJoining=2025-12-11, isActive=true), EmployeeDto(id=1052, name=Rohit Kumar, email=rohan12@gmail.com, age=18, role=USER, salary=10000.0, dateOfJoining=2025-12-11, isActive=true), EmployeeDto(id=1053, name=Rohit Kumar, email=rohan12@gmail.com, age=18, role=USER, salary=10000.0, dateOfJoining=2025-12-11, isActive=true), EmployeeDto(id=1102, name=Rohit Kumar, email=rohan12@gmail.com, age=18, role=USER, salary=10000.0, dateOfJoining=2025-12-11, isActive=true), EmployeeDto(id=1152, name=Rohan Kumar, email=rohan12@gmail.com, age=18, role=USER, salary=10000.0, dateOfJoining=2025-12-11, isActive=true), EmployeeDto(id=1202, name=Rohan Kumar, email=rohan12@gmail.com, age=18, role=USER, salary=10000.0, dateOfJoining=2025-12-11, isActive=true), EmployeeDto(id=1252, name=Rohan Kumar, email=rohan12@gmail.com, age=18, role=USER, salary=10000.0, dateOfJoining=2025-12-11, isActive=true), EmployeeDto(id=1253, name=Rohan Kumar, email=rohan12@gmail.com, age=18, role=USER, salary=10000.0, dateOfJoining=2025-12-11, isActive=true), EmployeeDto(id=1302, name=Anuj, email=anuj@gmail.com, age=20, role=USER, salary=5000.0, dateOfJoining=2020-12-01, isActive=true), EmployeeDto(id=1303, name=Anuj, email=anuj@gmail.com, age=20, role=USER, salary=5000.0, dateOfJoining=2020-12-01, isActive=true), EmployeeDto(id=1304, name=Anuj, email=anuj@gmail.com, age=20, role=USER, salary=5000.0, dateOfJoining=2020-12-01, isActive=true), EmployeeDto(id=1305, name=Anuj, email=anuj@gmail.com, age=20, role=USER, salary=5000.0, dateOfJoining=2020-12-01, isActive=true), EmployeeDto(id=1306, name=Anuj, email=anuj@gmail.com, age=20, role=USER, salary=5000.0, dateOfJoining=2020-12-01, isActive=true), EmployeeDto(id=1307, name=Anuj, email=anuj@gmail.com, age=20, role=USER, salary=5000.0, dateOfJoining=2020-12-01, isActive=true), EmployeeDto(id=1308, name=Anuj, email=anuj@gmail.com, age=20, role=USER, salary=5000.0, dateOfJoining=2020-12-01, isActive=true), EmployeeDto(id=1309, name=Anuj, email=anuj@gmail.com, age=20, role=USER, salary=5000.0, dateOfJoining=2020-12-01, isActive=true), EmployeeDto(id=1310, name=Anuj, email=anuj@gmail.com, age=20, role=USER, salary=5000.0, dateOfJoining=2020-12-01, isActive=true), EmployeeDto(id=1352, name=Anuj, email=anuj@gmail.com, age=20, role=USER, salary=5000.0, dateOfJoining=2020-12-01, isActive=true), EmployeeDto(id=1353, name=Anuj, email=anuj@gmail.com, age=20, role=USER, salary=5000.0, dateOfJoining=2020-12-01, isActive=true), EmployeeDto(id=1354, name=Anuj, email=anuj@gmail.com, age=20, role=USER, salary=5000.0, dateOfJoining=2020-12-01, isActive=true), EmployeeDto(id=1402, name=Anuj, email=anuj@gmail.com, age=25, role=USER, salary=5000.0, dateOfJoining=2020-12-01, isActive=true)]
2025-12-30T13:36:49.299+05:30  INFO 17504 --- [Module4] [SpringApplicationShutdownHook] j.LocalContainerEntityManagerFactoryBean : Closing JPA EntityManagerFactory for persistence unit 'default'
2025-12-30T13:36:49.306+05:30  INFO 17504 --- [Module4] [SpringApplicationShutdownHook] com.zaxxer.hikari.HikariDataSource       : HikariPool-1 - Shutdown initiated...
2025-12-30T13:36:49.318+05:30  INFO 17504 --- [Module4] [SpringApplicationShutdownHook] com.zaxxer.hikari.HikariDataSource       : HikariPool-1 - Shutdown completed.
2025-12-30 13:45:20.436 [main] INFO  c.t.Module4.Module4ApplicationTests - Starting Module4ApplicationTests using Java 23.0.1 with PID 11468 (started by amank in D:\coding-shuttle-spring\module4)
2025-12-30 13:45:20.439 [main] INFO  c.t.Module4.Module4ApplicationTests - No active profile set, falling back to 1 default profile: "default"
2025-12-30 13:45:21.412 [main] INFO  o.s.d.r.c.RepositoryConfigurationDelegate - Bootstrapping Spring Data JPA repositories in DEFAULT mode.
2025-12-30 13:45:21.499 [main] INFO  o.s.d.r.c.RepositoryConfigurationDelegate - Finished Spring Data repository scanning in 68 ms. Found 1 JPA repository interface.
2025-12-30 13:45:22.209 [main] INFO  org.hibernate.orm.jpa - HHH008540: Processing PersistenceUnitInfo [name: default]
2025-12-30 13:45:22.289 [main] INFO  org.hibernate.orm.core - HHH000001: Hibernate ORM core version 7.2.0.Final
2025-12-30 13:45:22.831 [main] INFO  o.h.e.b.internal.EnversServiceImpl - Envers integration enabled? : true
2025-12-30 13:45:23.053 [main] INFO  o.s.o.j.p.SpringPersistenceUnitInfo - No LoadTimeWeaver setup: ignoring JPA class transformer
2025-12-30 13:45:23.102 [main] INFO  com.zaxxer.hikari.HikariDataSource - HikariPool-1 - Starting...
2025-12-30 13:45:23.390 [main] INFO  com.zaxxer.hikari.pool.HikariPool - HikariPool-1 - Added connection org.postgresql.jdbc.PgConnection@438a2d3
2025-12-30 13:45:23.390 [main] INFO  com.zaxxer.hikari.HikariDataSource - HikariPool-1 - Start completed.
2025-12-30 13:45:23.439 [main] WARN  org.hibernate.orm.deprecation - HHH90000025: PostgreSQLDialect does not need to be specified explicitly using 'hibernate.dialect' (remove the property setting and it will be selected by default)
2025-12-30 13:45:23.489 [main] INFO  o.hibernate.orm.connections.pooling - HHH10001005: Database info:
	Database JDBC URL [jdbc:postgresql://localhost:5432/Module4]
	Database driver: PostgreSQL JDBC Driver
	Database dialect: PostgreSQLDialect
	Database version: 17.5
	Default catalog/schema: Module4/public
	Autocommit mode: undefined/unknown
	Isolation level: READ_COMMITTED [default READ_COMMITTED]
	JDBC fetch size: none
	Pool: DataSourceConnectionProvider
	Minimum pool size: undefined/unknown
	Maximum pool size: undefined/unknown
2025-12-30 13:45:23.769 [main] INFO  o.h.e.c.i.m.AuditMetadataGenerator - Adding properties for entity: com.tech.Module4.entities.PostEntity
2025-12-30 13:45:24.849 [main] INFO  org.hibernate.orm.core - HHH000489: No JTA platform available (set 'hibernate.transaction.jta.platform' to enable JTA platform integration)
2025-12-30 13:45:24.958 [main] INFO  o.s.o.j.LocalContainerEntityManagerFactoryBean - Initialized JPA EntityManagerFactory for persistence unit 'default'
2025-12-30 13:45:25.352 [main] INFO  o.s.d.j.r.q.QueryEnhancerFactories - Hibernate is in classpath; If applicable, HQL parser will be used.
2025-12-30 13:45:25.714 [main] WARN  o.s.b.j.a.JpaBaseConfiguration$JpaWebConfiguration - spring.jpa.open-in-view is enabled by default. Therefore, database queries may be performed during view rendering. Explicitly configure spring.jpa.open-in-view to disable this warning
2025-12-30 13:45:26.391 [main] INFO  c.t.Module4.Module4ApplicationTests - Started Module4ApplicationTests in 6.578 seconds (process running for 8.437)
2025-12-30 13:45:26.829 [main] TRACE c.t.M.c.impl.EmployeeClientImpl - Trying to retrieve all employee in getAllEmployees
2025-12-30 13:45:26.829 [main] INFO  c.t.M.c.impl.EmployeeClientImpl - Attempting to call the restClient Method in getAllEmployees:
2025-12-30 13:45:26.905 [main] ERROR c.t.M.c.impl.EmployeeClientImpl - Exception occurred in getAllEmployees
org.springframework.web.client.ResourceAccessException: I/O error on GET request for "http://localhost:8080/employee": null
	at org.springframework.web.client.DefaultRestClient$DefaultRequestBodyUriSpec.createResourceAccessException(DefaultRestClient.java:763)
	at org.springframework.web.client.DefaultRestClient$DefaultRequestBodyUriSpec.exchangeInternal(DefaultRestClient.java:615)
	at org.springframework.web.client.DefaultRestClient$DefaultRequestBodyUriSpec.exchange(DefaultRestClient.java:567)
	at org.springframework.web.client.RestClient$RequestHeadersSpec.exchange(RestClient.java:750)
	at org.springframework.web.client.DefaultRestClient$DefaultResponseSpec.executeAndExtract(DefaultRestClient.java:896)
	at org.springframework.web.client.DefaultRestClient$DefaultResponseSpec.body(DefaultRestClient.java:826)
	at com.tech.Module4.clients.impl.EmployeeClientImpl.getAllEmployees(EmployeeClientImpl.java:47)
	at com.tech.Module4.Module4ApplicationTests.getAllEmployee(Module4ApplicationTests.java:31)
	at java.base/jdk.internal.reflect.DirectMethodHandleAccessor.invoke(DirectMethodHandleAccessor.java:103)
	at java.base/java.lang.reflect.Method.invoke(Method.java:580)
	at org.junit.platform.commons.util.ReflectionUtils.invokeMethod(ReflectionUtils.java:701)
	at org.junit.platform.commons.support.ReflectionSupport.invokeMethod(ReflectionSupport.java:502)
	at org.junit.jupiter.engine.support.MethodReflectionUtils.invoke(MethodReflectionUtils.java:45)
	at org.junit.jupiter.engine.execution.MethodInvocation.proceed(MethodInvocation.java:61)
	at org.junit.jupiter.engine.execution.InvocationInterceptorChain$ValidatingInvocation.proceed(InvocationInterceptorChain.java:124)
	at org.junit.jupiter.engine.extension.TimeoutExtension.intercept(TimeoutExtension.java:163)
	at org.junit.jupiter.engine.extension.TimeoutExtension.interceptTestableMethod(TimeoutExtension.java:148)
	at org.junit.jupiter.engine.extension.TimeoutExtension.interceptTestMethod(TimeoutExtension.java:86)
	at org.junit.jupiter.engine.execution.InterceptingExecutableInvoker$ReflectiveInterceptorCall.lambda$ofVoidMethod$0(InterceptingExecutableInvoker.java:123)
	at org.junit.jupiter.engine.execution.InterceptingExecutableInvoker.lambda$invoke$0(InterceptingExecutableInvoker.java:105)
	at org.junit.jupiter.engine.execution.InvocationInterceptorChain$InterceptedInvocation.proceed(InvocationInterceptorChain.java:99)
	at org.junit.jupiter.engine.execution.InvocationInterceptorChain.proceed(InvocationInterceptorChain.java:66)
	at org.junit.jupiter.engine.execution.InvocationInterceptorChain.chainAndInvoke(InvocationInterceptorChain.java:47)
	at org.junit.jupiter.engine.execution.InvocationInterceptorChain.invoke(InvocationInterceptorChain.java:39)
	at org.junit.jupiter.engine.execution.InterceptingExecutableInvoker.invoke(InterceptingExecutableInvoker.java:104)
	at org.junit.jupiter.engine.execution.InterceptingExecutableInvoker.invoke(InterceptingExecutableInvoker.java:98)
	at org.junit.jupiter.engine.execution.InterceptingExecutableInvoker.invokeVoid(InterceptingExecutableInvoker.java:71)
	at org.junit.jupiter.engine.descriptor.TestMethodTestDescriptor.lambda$invokeTestMethod$0(TestMethodTestDescriptor.java:219)
	at org.junit.platform.engine.support.hierarchical.ThrowableCollector.execute(ThrowableCollector.java:74)
	at org.junit.jupiter.engine.descriptor.TestMethodTestDescriptor.invokeTestMethod(TestMethodTestDescriptor.java:215)
	at org.junit.jupiter.engine.descriptor.TestMethodTestDescriptor.execute(TestMethodTestDescriptor.java:157)
	at org.junit.jupiter.engine.descriptor.TestMethodTestDescriptor.execute(TestMethodTestDescriptor.java:70)
	at org.junit.platform.engine.support.hierarchical.NodeTestTask.lambda$executeRecursively$2(NodeTestTask.java:176)
	at org.junit.platform.engine.support.hierarchical.ThrowableCollector.execute(ThrowableCollector.java:74)
	at org.junit.platform.engine.support.hierarchical.NodeTestTask.lambda$executeRecursively$1(NodeTestTask.java:166)
	at org.junit.platform.engine.support.hierarchical.Node.around(Node.java:138)
	at org.junit.platform.engine.support.hierarchical.NodeTestTask.lambda$executeRecursively$0(NodeTestTask.java:164)
	at org.junit.platform.engine.support.hierarchical.ThrowableCollector.execute(ThrowableCollector.java:74)
	at org.junit.platform.engine.support.hierarchical.NodeTestTask.executeRecursively(NodeTestTask.java:163)
	at org.junit.platform.engine.support.hierarchical.NodeTestTask.execute(NodeTestTask.java:116)
	at java.base/java.util.ArrayList.forEach(ArrayList.java:1597)
	at org.junit.platform.engine.support.hierarchical.SameThreadHierarchicalTestExecutorService.invokeAll(SameThreadHierarchicalTestExecutorService.java:42)
	at org.junit.platform.engine.support.hierarchical.NodeTestTask.lambda$executeRecursively$2(NodeTestTask.java:180)
	at org.junit.platform.engine.support.hierarchical.ThrowableCollector.execute(ThrowableCollector.java:74)
	at org.junit.platform.engine.support.hierarchical.NodeTestTask.lambda$executeRecursively$1(NodeTestTask.java:166)
	at org.junit.platform.engine.support.hierarchical.Node.around(Node.java:138)
	at org.junit.platform.engine.support.hierarchical.NodeTestTask.lambda$executeRecursively$0(NodeTestTask.java:164)
	at org.junit.platform.engine.support.hierarchical.ThrowableCollector.execute(ThrowableCollector.java:74)
	at org.junit.platform.engine.support.hierarchical.NodeTestTask.executeRecursively(NodeTestTask.java:163)
	at org.junit.platform.engine.support.hierarchical.NodeTestTask.execute(NodeTestTask.java:116)
	at java.base/java.util.ArrayList.forEach(ArrayList.java:1597)
	at org.junit.platform.engine.support.hierarchical.SameThreadHierarchicalTestExecutorService.invokeAll(SameThreadHierarchicalTestExecutorService.java:42)
	at org.junit.platform.engine.support.hierarchical.NodeTestTask.lambda$executeRecursively$2(NodeTestTask.java:180)
	at org.junit.platform.engine.support.hierarchical.ThrowableCollector.execute(ThrowableCollector.java:74)
	at org.junit.platform.engine.support.hierarchical.NodeTestTask.lambda$executeRecursively$1(NodeTestTask.java:166)
	at org.junit.platform.engine.support.hierarchical.Node.around(Node.java:138)
	at org.junit.platform.engine.support.hierarchical.NodeTestTask.lambda$executeRecursively$0(NodeTestTask.java:164)
	at org.junit.platform.engine.support.hierarchical.ThrowableCollector.execute(ThrowableCollector.java:74)
	at org.junit.platform.engine.support.hierarchical.NodeTestTask.executeRecursively(NodeTestTask.java:163)
	at org.junit.platform.engine.support.hierarchical.NodeTestTask.execute(NodeTestTask.java:116)
	at org.junit.platform.engine.support.hierarchical.SameThreadHierarchicalTestExecutorService.submit(SameThreadHierarchicalTestExecutorService.java:36)
	at org.junit.platform.engine.support.hierarchical.HierarchicalTestExecutor.execute(HierarchicalTestExecutor.java:52)
	at org.junit.platform.engine.support.hierarchical.HierarchicalTestEngine.execute(HierarchicalTestEngine.java:58)
	at org.junit.platform.launcher.core.EngineExecutionOrchestrator.executeEngine(EngineExecutionOrchestrator.java:246)
	at org.junit.platform.launcher.core.EngineExecutionOrchestrator.failOrExecuteEngine(EngineExecutionOrchestrator.java:218)
	at org.junit.platform.launcher.core.EngineExecutionOrchestrator.execute(EngineExecutionOrchestrator.java:179)
	at org.junit.platform.launcher.core.EngineExecutionOrchestrator.execute(EngineExecutionOrchestrator.java:108)
	at org.junit.platform.launcher.core.EngineExecutionOrchestrator.lambda$execute$0(EngineExecutionOrchestrator.java:66)
	at org.junit.platform.launcher.core.EngineExecutionOrchestrator.withInterceptedStreams(EngineExecutionOrchestrator.java:157)
	at org.junit.platform.launcher.core.EngineExecutionOrchestrator.execute(EngineExecutionOrchestrator.java:65)
	at org.junit.platform.launcher.core.DefaultLauncher.execute(DefaultLauncher.java:125)
	at org.junit.platform.launcher.core.DefaultLauncher.execute(DefaultLauncher.java:114)
	at org.junit.platform.launcher.core.DefaultLauncher.execute(DefaultLauncher.java:93)
	at org.junit.platform.launcher.core.DelegatingLauncher.execute(DelegatingLauncher.java:48)
	at org.junit.platform.launcher.core.InterceptingLauncher.lambda$execute$0(InterceptingLauncher.java:41)
	at org.junit.platform.launcher.core.ClasspathAlignmentCheckingLauncherInterceptor.intercept(ClasspathAlignmentCheckingLauncherInterceptor.java:25)
	at org.junit.platform.launcher.core.InterceptingLauncher.execute(InterceptingLauncher.java:40)
	at org.junit.platform.launcher.core.DelegatingLauncher.execute(DelegatingLauncher.java:48)
	at org.junit.platform.launcher.core.SessionPerRequestLauncher.execute(SessionPerRequestLauncher.java:67)
	at com.intellij.junit6.JUnit6IdeaTestRunner.startRunnerWithArgs(JUnit6IdeaTestRunner.java:67)
	at com.intellij.rt.junit.IdeaTestRunner$Repeater$1.execute(IdeaTestRunner.java:38)
	at com.intellij.rt.execution.junit.TestsRepeater.repeat(TestsRepeater.java:11)
	at com.intellij.rt.junit.IdeaTestRunner$Repeater.startRunnerWithArgs(IdeaTestRunner.java:35)
	at com.intellij.rt.junit.JUnitStarter.prepareStreamsAndStart(JUnitStarter.java:237)
	at com.intellij.rt.junit.JUnitStarter.main(JUnitStarter.java:58)
Caused by: java.net.ConnectException
	at java.net.http/jdk.internal.net.http.common.Utils.toConnectException(Utils.java:1082)
	at java.net.http/jdk.internal.net.http.PlainHttpConnection.connectAsync(PlainHttpConnection.java:227)
	at java.net.http/jdk.internal.net.http.PlainHttpConnection.checkRetryConnect(PlainHttpConnection.java:280)
	at java.net.http/jdk.internal.net.http.PlainHttpConnection.lambda$connectAsync$2(PlainHttpConnection.java:238)
	at java.base/java.util.concurrent.CompletableFuture.uniHandle(CompletableFuture.java:978)
	at java.base/java.util.concurrent.CompletableFuture$UniHandle.tryFire$$$capture(CompletableFuture.java:955)
	at java.base/java.util.concurrent.CompletableFuture$UniHandle.tryFire(CompletableFuture.java)
	at java.base/java.util.concurrent.CompletableFuture.postComplete(CompletableFuture.java:554)
	at java.base/java.util.concurrent.CompletableFuture$AsyncSupply.run$$$capture(CompletableFuture.java:1817)
	at java.base/java.util.concurrent.CompletableFuture$AsyncSupply.run(CompletableFuture.java)
	at java.base/java.util.concurrent.ThreadPoolExecutor.runWorker(ThreadPoolExecutor.java:1144)
	at java.base/java.util.concurrent.ThreadPoolExecutor$Worker.run(ThreadPoolExecutor.java:642)
	at java.base/java.lang.Thread.run(Thread.java:1575)
Caused by: java.nio.channels.ClosedChannelException
	at java.base/sun.nio.ch.SocketChannelImpl.ensureOpen(SocketChannelImpl.java:204)
	at java.base/sun.nio.ch.SocketChannelImpl.connect(SocketChannelImpl.java:958)
	at java.net.http/jdk.internal.net.http.PlainHttpConnection.lambda$connectAsync$1(PlainHttpConnection.java:210)
	at java.base/java.security.AccessController.doPrivileged(AccessController.java:571)
	at java.net.http/jdk.internal.net.http.PlainHttpConnection.connectAsync(PlainHttpConnection.java:212)
	... 11 common frames omitted
2025-12-30 13:45:26.936 [SpringApplicationShutdownHook] INFO  o.s.o.j.LocalContainerEntityManagerFactoryBean - Closing JPA EntityManagerFactory for persistence unit 'default'
2025-12-30 13:45:26.949 [SpringApplicationShutdownHook] INFO  com.zaxxer.hikari.HikariDataSource - HikariPool-1 - Shutdown initiated...
2025-12-30 13:45:26.963 [SpringApplicationShutdownHook] INFO  com.zaxxer.hikari.HikariDataSource - HikariPool-1 - Shutdown completed.
2025-12-30 13:46:22.856 [main] INFO  c.t.Module4.Module4ApplicationTests - Starting Module4ApplicationTests using Java 23.0.1 with PID 17392 (started by amank in D:\coding-shuttle-spring\module4)
2025-12-30 13:46:22.856 [main] INFO  c.t.Module4.Module4ApplicationTests - No active profile set, falling back to 1 default profile: "default"
2025-12-30 13:46:23.693 [main] INFO  o.s.d.r.c.RepositoryConfigurationDelegate - Bootstrapping Spring Data JPA repositories in DEFAULT mode.
2025-12-30 13:46:23.776 [main] INFO  o.s.d.r.c.RepositoryConfigurationDelegate - Finished Spring Data repository scanning in 71 ms. Found 1 JPA repository interface.
2025-12-30 13:46:24.426 [main] INFO  org.hibernate.orm.jpa - HHH008540: Processing PersistenceUnitInfo [name: default]
2025-12-30 13:46:24.517 [main] INFO  org.hibernate.orm.core - HHH000001: Hibernate ORM core version 7.2.0.Final
2025-12-30 13:46:24.970 [main] INFO  o.h.e.b.internal.EnversServiceImpl - Envers integration enabled? : true
2025-12-30 13:46:25.199 [main] INFO  o.s.o.j.p.SpringPersistenceUnitInfo - No LoadTimeWeaver setup: ignoring JPA class transformer
2025-12-30 13:46:25.242 [main] INFO  com.zaxxer.hikari.HikariDataSource - HikariPool-1 - Starting...
2025-12-30 13:46:25.492 [main] INFO  com.zaxxer.hikari.pool.HikariPool - HikariPool-1 - Added connection org.postgresql.jdbc.PgConnection@1c5fd813
2025-12-30 13:46:25.492 [main] INFO  com.zaxxer.hikari.HikariDataSource - HikariPool-1 - Start completed.
2025-12-30 13:46:25.530 [main] WARN  org.hibernate.orm.deprecation - HHH90000025: PostgreSQLDialect does not need to be specified explicitly using 'hibernate.dialect' (remove the property setting and it will be selected by default)
2025-12-30 13:46:25.577 [main] INFO  o.hibernate.orm.connections.pooling - HHH10001005: Database info:
	Database JDBC URL [jdbc:postgresql://localhost:5432/Module4]
	Database driver: PostgreSQL JDBC Driver
	Database dialect: PostgreSQLDialect
	Database version: 17.5
	Default catalog/schema: Module4/public
	Autocommit mode: undefined/unknown
	Isolation level: READ_COMMITTED [default READ_COMMITTED]
	JDBC fetch size: none
	Pool: DataSourceConnectionProvider
	Minimum pool size: undefined/unknown
	Maximum pool size: undefined/unknown
2025-12-30 13:46:25.914 [main] INFO  o.h.e.c.i.m.AuditMetadataGenerator - Adding properties for entity: com.tech.Module4.entities.PostEntity
2025-12-30 13:46:26.892 [main] INFO  org.hibernate.orm.core - HHH000489: No JTA platform available (set 'hibernate.transaction.jta.platform' to enable JTA platform integration)
2025-12-30 13:46:27.042 [main] INFO  o.s.o.j.LocalContainerEntityManagerFactoryBean - Initialized JPA EntityManagerFactory for persistence unit 'default'
2025-12-30 13:46:27.409 [main] INFO  o.s.d.j.r.q.QueryEnhancerFactories - Hibernate is in classpath; If applicable, HQL parser will be used.
2025-12-30 13:46:27.671 [main] WARN  o.s.b.j.a.JpaBaseConfiguration$JpaWebConfiguration - spring.jpa.open-in-view is enabled by default. Therefore, database queries may be performed during view rendering. Explicitly configure spring.jpa.open-in-view to disable this warning
2025-12-30 13:46:28.243 [main] INFO  c.t.Module4.Module4ApplicationTests - Started Module4ApplicationTests in 5.934 seconds (process running for 7.703)
2025-12-30 13:46:28.759 [main] TRACE c.t.M.c.impl.EmployeeClientImpl - Trying to retrieve all employee in getAllEmployees
2025-12-30 13:46:28.759 [main] INFO  c.t.M.c.impl.EmployeeClientImpl - Attempting to call the restClient Method in getAllEmployees:
2025-12-30 13:46:29.285 [main] DEBUG c.t.M.c.impl.EmployeeClientImpl - Successfully retrieved the employees in getAllEmployees
2025-12-30 13:46:29.285 [main] TRACE c.t.M.c.impl.EmployeeClientImpl - Retrieved employees list in getAllEmployees : [EmployeeDto(id=103, name=Rohan, email=rohan@gmail.com, age=24, role=null, salary=null, dateOfJoining=2024-01-01, isActive=null), EmployeeDto(id=104, name=Rohan, email=rohan@gmail.com, age=24, role=null, salary=null, dateOfJoining=2024-01-01, isActive=null), EmployeeDto(id=152, name=Rohan, email=rohan@gmail.com, age=24, role=null, salary=null, dateOfJoining=2024-01-01, isActive=null), EmployeeDto(id=202, name=Rohan, email=rohan@gmail.com, age=24, role=null, salary=null, dateOfJoining=2024-01-01, isActive=false), EmployeeDto(id=203, name=Shivam, email=shivam@gmail.com, age=24, role=null, salary=null, dateOfJoining=2024-01-01, isActive=true), EmployeeDto(id=252, name=Shivam, email=shivam@gmail.com, age=24, role=null, salary=null, dateOfJoining=2024-01-01, isActive=true), EmployeeDto(id=302, name=Mohan Raj Kumar, email=mohan@gmail.com, age=24, role=null, salary=null, dateOfJoining=2024-01-01, isActive=true), EmployeeDto(id=352, name=, email=rohan@gmail.com, age=23, role=null, salary=null, dateOfJoining=2024-01-01, isActive=true), EmployeeDto(id=353, name=, email=rohan@gmail.com, age=23, role=null, salary=null, dateOfJoining=2024-01-01, isActive=true), EmployeeDto(id=402, name=Rohan Kumar, email=rohan@gmail.com, age=18, role=null, salary=null, dateOfJoining=2024-01-01, isActive=true), EmployeeDto(id=452, name=Rohan Kumar, email=rohan12@gmail.com, age=18, role=null, salary=null, dateOfJoining=2024-01-01, isActive=true), EmployeeDto(id=502, name=Rohan Kumar, email=rohan12@gmail.com, age=18, role=null, salary=null, dateOfJoining=2024-01-01, isActive=true), EmployeeDto(id=552, name=Rohan Kumar, email=rohan12@gmail.com, age=18, role=USER, salary=null, dateOfJoining=2024-01-01, isActive=true), EmployeeDto(id=602, name=Rohan Kumar, email=rohan12@gmail.com, age=18, role=USER, salary=10000.0, dateOfJoining=2025-12-12, isActive=true), EmployeeDto(id=603, name=Rohan Kumar, email=rohan12@gmail.com, age=18, role=USER, salary=10000.0, dateOfJoining=2025-12-11, isActive=true), EmployeeDto(id=652, name=Rohan Kumar, email=rohan12@gmail.com, age=18, role=USER, salary=null, dateOfJoining=2025-12-11, isActive=true), EmployeeDto(id=653, name=Rohan Kumar, email=rohan12@gmail.com, age=18, role=USER, salary=null, dateOfJoining=2025-12-11, isActive=true), EmployeeDto(id=654, name=Rohan Kumar, email=rohan12@gmail.com, age=18, role=USER, salary=null, dateOfJoining=2025-12-11, isActive=true), EmployeeDto(id=702, name=Rohan Kumar, email=rohan12@gmail.com, age=18, role=USER, salary=10000.0, dateOfJoining=2025-12-11, isActive=true), EmployeeDto(id=703, name=Rohan Kumar, email=rohan12@gmail.com, age=18, role=USER, salary=10000.0, dateOfJoining=2025-12-11, isActive=true), EmployeeDto(id=752, name=Rohan Kumar, email=rohan12@gmail.com, age=18, role=ADMIN, salary=10000.0, dateOfJoining=2025-12-11, isActive=true), EmployeeDto(id=802, name=Rohan Kumar, email=rohan12@gmail.com, age=18, role=ADMIN, salary=10000.0, dateOfJoining=2025-12-11, isActive=true), EmployeeDto(id=803, name=Rohan Kumar, email=rohan12@gmail.com, age=18, role=USER, salary=10000.0, dateOfJoining=2025-12-11, isActive=true), EmployeeDto(id=852, name=Rohit Kumar, email=rohan12@gmail.com, age=18, role=USER, salary=10000.0, dateOfJoining=2025-12-11, isActive=true), EmployeeDto(id=902, name=Rohit Kumar, email=rohan12@gmail.com, age=18, role=USER, salary=10000.0, dateOfJoining=2025-12-11, isActive=true), EmployeeDto(id=952, name=Rohit Kumar, email=rohan12@gmail.com, age=18, role=USER, salary=10000.0, dateOfJoining=2025-12-11, isActive=true), EmployeeDto(id=953, name=Rohit Kumar, email=rohan12@gmail.com, age=18, role=USER, salary=10000.0, dateOfJoining=2025-12-11, isActive=true), EmployeeDto(id=1002, name=Rohit Kumar, email=rohan12@gmail.com, age=18, role=USER, salary=10000.0, dateOfJoining=2025-12-11, isActive=true), EmployeeDto(id=1052, name=Rohit Kumar, email=rohan12@gmail.com, age=18, role=USER, salary=10000.0, dateOfJoining=2025-12-11, isActive=true), EmployeeDto(id=1053, name=Rohit Kumar, email=rohan12@gmail.com, age=18, role=USER, salary=10000.0, dateOfJoining=2025-12-11, isActive=true), EmployeeDto(id=1102, name=Rohit Kumar, email=rohan12@gmail.com, age=18, role=USER, salary=10000.0, dateOfJoining=2025-12-11, isActive=true), EmployeeDto(id=1152, name=Rohan Kumar, email=rohan12@gmail.com, age=18, role=USER, salary=10000.0, dateOfJoining=2025-12-11, isActive=true), EmployeeDto(id=1202, name=Rohan Kumar, email=rohan12@gmail.com, age=18, role=USER, salary=10000.0, dateOfJoining=2025-12-11, isActive=true), EmployeeDto(id=1252, name=Rohan Kumar, email=rohan12@gmail.com, age=18, role=USER, salary=10000.0, dateOfJoining=2025-12-11, isActive=true), EmployeeDto(id=1253, name=Rohan Kumar, email=rohan12@gmail.com, age=18, role=USER, salary=10000.0, dateOfJoining=2025-12-11, isActive=true), EmployeeDto(id=1302, name=Anuj, email=anuj@gmail.com, age=20, role=USER, salary=5000.0, dateOfJoining=2020-12-01, isActive=true), EmployeeDto(id=1303, name=Anuj, email=anuj@gmail.com, age=20, role=USER, salary=5000.0, dateOfJoining=2020-12-01, isActive=true), EmployeeDto(id=1304, name=Anuj, email=anuj@gmail.com, age=20, role=USER, salary=5000.0, dateOfJoining=2020-12-01, isActive=true), EmployeeDto(id=1305, name=Anuj, email=anuj@gmail.com, age=20, role=USER, salary=5000.0, dateOfJoining=2020-12-01, isActive=true), EmployeeDto(id=1306, name=Anuj, email=anuj@gmail.com, age=20, role=USER, salary=5000.0, dateOfJoining=2020-12-01, isActive=true), EmployeeDto(id=1307, name=Anuj, email=anuj@gmail.com, age=20, role=USER, salary=5000.0, dateOfJoining=2020-12-01, isActive=true), EmployeeDto(id=1308, name=Anuj, email=anuj@gmail.com, age=20, role=USER, salary=5000.0, dateOfJoining=2020-12-01, isActive=true), EmployeeDto(id=1309, name=Anuj, email=anuj@gmail.com, age=20, role=USER, salary=5000.0, dateOfJoining=2020-12-01, isActive=true), EmployeeDto(id=1310, name=Anuj, email=anuj@gmail.com, age=20, role=USER, salary=5000.0, dateOfJoining=2020-12-01, isActive=true), EmployeeDto(id=1352, name=Anuj, email=anuj@gmail.com, age=20, role=USER, salary=5000.0, dateOfJoining=2020-12-01, isActive=true), EmployeeDto(id=1353, name=Anuj, email=anuj@gmail.com, age=20, role=USER, salary=5000.0, dateOfJoining=2020-12-01, isActive=true), EmployeeDto(id=1354, name=Anuj, email=anuj@gmail.com, age=20, role=USER, salary=5000.0, dateOfJoining=2020-12-01, isActive=true), EmployeeDto(id=1402, name=Anuj, email=anuj@gmail.com, age=25, role=USER, salary=5000.0, dateOfJoining=2020-12-01, isActive=true)]
2025-12-30 13:46:29.316 [SpringApplicationShutdownHook] INFO  o.s.o.j.LocalContainerEntityManagerFactoryBean - Closing JPA EntityManagerFactory for persistence unit 'default'
2025-12-30 13:46:29.319 [SpringApplicationShutdownHook] INFO  com.zaxxer.hikari.HikariDataSource - HikariPool-1 - Shutdown initiated...
2025-12-30 13:46:29.335 [SpringApplicationShutdownHook] INFO  com.zaxxer.hikari.HikariDataSource - HikariPool-1 - Shutdown completed.
2025-12-30 13:47:20.870 [main] INFO  c.t.Module4.Module4ApplicationTests - Starting Module4ApplicationTests using Java 23.0.1 with PID 28680 (started by amank in D:\coding-shuttle-spring\module4)
2025-12-30 13:47:20.870 [main] INFO  c.t.Module4.Module4ApplicationTests - No active profile set, falling back to 1 default profile: "default"
2025-12-30 13:47:21.784 [main] INFO  o.s.d.r.c.RepositoryConfigurationDelegate - Bootstrapping Spring Data JPA repositories in DEFAULT mode.
2025-12-30 13:47:21.866 [main] INFO  o.s.d.r.c.RepositoryConfigurationDelegate - Finished Spring Data repository scanning in 68 ms. Found 1 JPA repository interface.
2025-12-30 13:47:22.575 [main] INFO  org.hibernate.orm.jpa - HHH008540: Processing PersistenceUnitInfo [name: default]
2025-12-30 13:47:22.650 [main] INFO  org.hibernate.orm.core - HHH000001: Hibernate ORM core version 7.2.0.Final
2025-12-30 13:47:23.177 [main] INFO  o.h.e.b.internal.EnversServiceImpl - Envers integration enabled? : true
2025-12-30 13:47:23.408 [main] INFO  o.s.o.j.p.SpringPersistenceUnitInfo - No LoadTimeWeaver setup: ignoring JPA class transformer
2025-12-30 13:47:23.433 [main] INFO  com.zaxxer.hikari.HikariDataSource - HikariPool-1 - Starting...
2025-12-30 13:47:23.715 [main] INFO  com.zaxxer.hikari.pool.HikariPool - HikariPool-1 - Added connection org.postgresql.jdbc.PgConnection@726d8fa0
2025-12-30 13:47:23.724 [main] INFO  com.zaxxer.hikari.HikariDataSource - HikariPool-1 - Start completed.
2025-12-30 13:47:23.765 [main] WARN  org.hibernate.orm.deprecation - HHH90000025: PostgreSQLDialect does not need to be specified explicitly using 'hibernate.dialect' (remove the property setting and it will be selected by default)
2025-12-30 13:47:23.832 [main] INFO  o.hibernate.orm.connections.pooling - HHH10001005: Database info:
	Database JDBC URL [jdbc:postgresql://localhost:5432/Module4]
	Database driver: PostgreSQL JDBC Driver
	Database dialect: PostgreSQLDialect
	Database version: 17.5
	Default catalog/schema: Module4/public
	Autocommit mode: undefined/unknown
	Isolation level: READ_COMMITTED [default READ_COMMITTED]
	JDBC fetch size: none
	Pool: DataSourceConnectionProvider
	Minimum pool size: undefined/unknown
	Maximum pool size: undefined/unknown
2025-12-30 13:47:24.132 [main] INFO  o.h.e.c.i.m.AuditMetadataGenerator - Adding properties for entity: com.tech.Module4.entities.PostEntity
2025-12-30 13:47:25.215 [main] INFO  org.hibernate.orm.core - HHH000489: No JTA platform available (set 'hibernate.transaction.jta.platform' to enable JTA platform integration)
2025-12-30 13:47:25.349 [main] INFO  o.s.o.j.LocalContainerEntityManagerFactoryBean - Initialized JPA EntityManagerFactory for persistence unit 'default'
2025-12-30 13:47:25.733 [main] INFO  o.s.d.j.r.q.QueryEnhancerFactories - Hibernate is in classpath; If applicable, HQL parser will be used.
2025-12-30 13:47:26.132 [main] WARN  o.s.b.j.a.JpaBaseConfiguration$JpaWebConfiguration - spring.jpa.open-in-view is enabled by default. Therefore, database queries may be performed during view rendering. Explicitly configure spring.jpa.open-in-view to disable this warning
2025-12-30 13:47:26.799 [main] INFO  c.t.Module4.Module4ApplicationTests - Started Module4ApplicationTests in 6.493 seconds (process running for 9.933)
2025-12-30 13:47:27.267 [main] TRACE c.t.M.c.impl.EmployeeClientImpl - Trying to retrieve all employee in getAllEmployees
2025-12-30 13:47:27.267 [main] INFO  c.t.M.c.impl.EmployeeClientImpl - Attempting to call the restClient Method in getAllEmployees:
2025-12-30 13:47:27.469 [main] DEBUG c.t.M.c.impl.EmployeeClientImpl - Successfully retrieved the employees in getAllEmployees
2025-12-30 13:47:27.469 [main] TRACE c.t.M.c.impl.EmployeeClientImpl - Retrieved employees list in getAllEmployees : [EmployeeDto(id=103, name=Rohan, email=rohan@gmail.com, age=24, role=null, salary=null, dateOfJoining=2024-01-01, isActive=null), EmployeeDto(id=104, name=Rohan, email=rohan@gmail.com, age=24, role=null, salary=null, dateOfJoining=2024-01-01, isActive=null), EmployeeDto(id=152, name=Rohan, email=rohan@gmail.com, age=24, role=null, salary=null, dateOfJoining=2024-01-01, isActive=null), EmployeeDto(id=202, name=Rohan, email=rohan@gmail.com, age=24, role=null, salary=null, dateOfJoining=2024-01-01, isActive=false), EmployeeDto(id=203, name=Shivam, email=shivam@gmail.com, age=24, role=null, salary=null, dateOfJoining=2024-01-01, isActive=true), EmployeeDto(id=252, name=Shivam, email=shivam@gmail.com, age=24, role=null, salary=null, dateOfJoining=2024-01-01, isActive=true), EmployeeDto(id=302, name=Mohan Raj Kumar, email=mohan@gmail.com, age=24, role=null, salary=null, dateOfJoining=2024-01-01, isActive=true), EmployeeDto(id=352, name=, email=rohan@gmail.com, age=23, role=null, salary=null, dateOfJoining=2024-01-01, isActive=true), EmployeeDto(id=353, name=, email=rohan@gmail.com, age=23, role=null, salary=null, dateOfJoining=2024-01-01, isActive=true), EmployeeDto(id=402, name=Rohan Kumar, email=rohan@gmail.com, age=18, role=null, salary=null, dateOfJoining=2024-01-01, isActive=true), EmployeeDto(id=452, name=Rohan Kumar, email=rohan12@gmail.com, age=18, role=null, salary=null, dateOfJoining=2024-01-01, isActive=true), EmployeeDto(id=502, name=Rohan Kumar, email=rohan12@gmail.com, age=18, role=null, salary=null, dateOfJoining=2024-01-01, isActive=true), EmployeeDto(id=552, name=Rohan Kumar, email=rohan12@gmail.com, age=18, role=USER, salary=null, dateOfJoining=2024-01-01, isActive=true), EmployeeDto(id=602, name=Rohan Kumar, email=rohan12@gmail.com, age=18, role=USER, salary=10000.0, dateOfJoining=2025-12-12, isActive=true), EmployeeDto(id=603, name=Rohan Kumar, email=rohan12@gmail.com, age=18, role=USER, salary=10000.0, dateOfJoining=2025-12-11, isActive=true), EmployeeDto(id=652, name=Rohan Kumar, email=rohan12@gmail.com, age=18, role=USER, salary=null, dateOfJoining=2025-12-11, isActive=true), EmployeeDto(id=653, name=Rohan Kumar, email=rohan12@gmail.com, age=18, role=USER, salary=null, dateOfJoining=2025-12-11, isActive=true), EmployeeDto(id=654, name=Rohan Kumar, email=rohan12@gmail.com, age=18, role=USER, salary=null, dateOfJoining=2025-12-11, isActive=true), EmployeeDto(id=702, name=Rohan Kumar, email=rohan12@gmail.com, age=18, role=USER, salary=10000.0, dateOfJoining=2025-12-11, isActive=true), EmployeeDto(id=703, name=Rohan Kumar, email=rohan12@gmail.com, age=18, role=USER, salary=10000.0, dateOfJoining=2025-12-11, isActive=true), EmployeeDto(id=752, name=Rohan Kumar, email=rohan12@gmail.com, age=18, role=ADMIN, salary=10000.0, dateOfJoining=2025-12-11, isActive=true), EmployeeDto(id=802, name=Rohan Kumar, email=rohan12@gmail.com, age=18, role=ADMIN, salary=10000.0, dateOfJoining=2025-12-11, isActive=true), EmployeeDto(id=803, name=Rohan Kumar, email=rohan12@gmail.com, age=18, role=USER, salary=10000.0, dateOfJoining=2025-12-11, isActive=true), EmployeeDto(id=852, name=Rohit Kumar, email=rohan12@gmail.com, age=18, role=USER, salary=10000.0, dateOfJoining=2025-12-11, isActive=true), EmployeeDto(id=902, name=Rohit Kumar, email=rohan12@gmail.com, age=18, role=USER, salary=10000.0, dateOfJoining=2025-12-11, isActive=true), EmployeeDto(id=952, name=Rohit Kumar, email=rohan12@gmail.com, age=18, role=USER, salary=10000.0, dateOfJoining=2025-12-11, isActive=true), EmployeeDto(id=953, name=Rohit Kumar, email=rohan12@gmail.com, age=18, role=USER, salary=10000.0, dateOfJoining=2025-12-11, isActive=true), EmployeeDto(id=1002, name=Rohit Kumar, email=rohan12@gmail.com, age=18, role=USER, salary=10000.0, dateOfJoining=2025-12-11, isActive=true), EmployeeDto(id=1052, name=Rohit Kumar, email=rohan12@gmail.com, age=18, role=USER, salary=10000.0, dateOfJoining=2025-12-11, isActive=true), EmployeeDto(id=1053, name=Rohit Kumar, email=rohan12@gmail.com, age=18, role=USER, salary=10000.0, dateOfJoining=2025-12-11, isActive=true), EmployeeDto(id=1102, name=Rohit Kumar, email=rohan12@gmail.com, age=18, role=USER, salary=10000.0, dateOfJoining=2025-12-11, isActive=true), EmployeeDto(id=1152, name=Rohan Kumar, email=rohan12@gmail.com, age=18, role=USER, salary=10000.0, dateOfJoining=2025-12-11, isActive=true), EmployeeDto(id=1202, name=Rohan Kumar, email=rohan12@gmail.com, age=18, role=USER, salary=10000.0, dateOfJoining=2025-12-11, isActive=true), EmployeeDto(id=1252, name=Rohan Kumar, email=rohan12@gmail.com, age=18, role=USER, salary=10000.0, dateOfJoining=2025-12-11, isActive=true), EmployeeDto(id=1253, name=Rohan Kumar, email=rohan12@gmail.com, age=18, role=USER, salary=10000.0, dateOfJoining=2025-12-11, isActive=true), EmployeeDto(id=1302, name=Anuj, email=anuj@gmail.com, age=20, role=USER, salary=5000.0, dateOfJoining=2020-12-01, isActive=true), EmployeeDto(id=1303, name=Anuj, email=anuj@gmail.com, age=20, role=USER, salary=5000.0, dateOfJoining=2020-12-01, isActive=true), EmployeeDto(id=1304, name=Anuj, email=anuj@gmail.com, age=20, role=USER, salary=5000.0, dateOfJoining=2020-12-01, isActive=true), EmployeeDto(id=1305, name=Anuj, email=anuj@gmail.com, age=20, role=USER, salary=5000.0, dateOfJoining=2020-12-01, isActive=true), EmployeeDto(id=1306, name=Anuj, email=anuj@gmail.com, age=20, role=USER, salary=5000.0, dateOfJoining=2020-12-01, isActive=true), EmployeeDto(id=1307, name=Anuj, email=anuj@gmail.com, age=20, role=USER, salary=5000.0, dateOfJoining=2020-12-01, isActive=true), EmployeeDto(id=1308, name=Anuj, email=anuj@gmail.com, age=20, role=USER, salary=5000.0, dateOfJoining=2020-12-01, isActive=true), EmployeeDto(id=1309, name=Anuj, email=anuj@gmail.com, age=20, role=USER, salary=5000.0, dateOfJoining=2020-12-01, isActive=true), EmployeeDto(id=1310, name=Anuj, email=anuj@gmail.com, age=20, role=USER, salary=5000.0, dateOfJoining=2020-12-01, isActive=true), EmployeeDto(id=1352, name=Anuj, email=anuj@gmail.com, age=20, role=USER, salary=5000.0, dateOfJoining=2020-12-01, isActive=true), EmployeeDto(id=1353, name=Anuj, email=anuj@gmail.com, age=20, role=USER, salary=5000.0, dateOfJoining=2020-12-01, isActive=true), EmployeeDto(id=1354, name=Anuj, email=anuj@gmail.com, age=20, role=USER, salary=5000.0, dateOfJoining=2020-12-01, isActive=true), EmployeeDto(id=1402, name=Anuj, email=anuj@gmail.com, age=25, role=USER, salary=5000.0, dateOfJoining=2020-12-01, isActive=true)]
2025-12-30 13:47:27.498 [SpringApplicationShutdownHook] INFO  o.s.o.j.LocalContainerEntityManagerFactoryBean - Closing JPA EntityManagerFactory for persistence unit 'default'
2025-12-30 13:47:27.498 [SpringApplicationShutdownHook] INFO  com.zaxxer.hikari.HikariDataSource - HikariPool-1 - Shutdown initiated...
2025-12-30 13:47:27.515 [SpringApplicationShutdownHook] INFO  com.zaxxer.hikari.HikariDataSource - HikariPool-1 - Shutdown completed.
2025-12-30 13:47:43.352 [restartedMain] INFO  com.tech.Module4.Module4Application - Starting Module4Application using Java 23.0.1 with PID 28548 (D:\coding-shuttle-spring\module4\target\classes started by amank in D:\coding-shuttle-spring\module4)
2025-12-30 13:47:43.352 [restartedMain] INFO  com.tech.Module4.Module4Application - No active profile set, falling back to 1 default profile: "default"
2025-12-30 13:47:43.429 [restartedMain] INFO  o.s.b.d.e.DevToolsPropertyDefaultsPostProcessor - Devtools property defaults active! Set 'spring.devtools.add-properties' to 'false' to disable
2025-12-30 13:47:43.429 [restartedMain] INFO  o.s.b.d.e.DevToolsPropertyDefaultsPostProcessor - For additional web related logging consider setting the 'logging.level.web' property to 'DEBUG'
2025-12-30 13:47:44.128 [restartedMain] INFO  o.s.d.r.c.RepositoryConfigurationDelegate - Bootstrapping Spring Data JPA repositories in DEFAULT mode.
2025-12-30 13:47:44.195 [restartedMain] INFO  o.s.d.r.c.RepositoryConfigurationDelegate - Finished Spring Data repository scanning in 59 ms. Found 1 JPA repository interface.
2025-12-30 13:47:44.962 [restartedMain] INFO  o.s.boot.tomcat.TomcatWebServer - Tomcat initialized with port 9000 (http)
2025-12-30 13:47:44.975 [restartedMain] INFO  o.a.coyote.http11.Http11NioProtocol - Initializing ProtocolHandler ["http-nio-9000"]
2025-12-30 13:47:44.979 [restartedMain] INFO  o.a.catalina.core.StandardService - Starting service [Tomcat]
2025-12-30 13:47:44.979 [restartedMain] INFO  o.a.catalina.core.StandardEngine - Starting Servlet engine: [Apache Tomcat/11.0.15]
2025-12-30 13:47:45.046 [restartedMain] INFO  o.s.b.w.c.s.WebApplicationContextInitializer - Root WebApplicationContext: initialization completed in 1617 ms
2025-12-30 13:47:45.229 [restartedMain] INFO  org.hibernate.orm.jpa - HHH008540: Processing PersistenceUnitInfo [name: default]
2025-12-30 13:47:45.295 [restartedMain] INFO  org.hibernate.orm.core - HHH000001: Hibernate ORM core version 7.2.0.Final
2025-12-30 13:47:45.652 [restartedMain] INFO  o.h.e.b.internal.EnversServiceImpl - Envers integration enabled? : true
2025-12-30 13:47:45.861 [restartedMain] INFO  o.s.o.j.p.SpringPersistenceUnitInfo - No LoadTimeWeaver setup: ignoring JPA class transformer
2025-12-30 13:47:45.895 [restartedMain] INFO  com.zaxxer.hikari.HikariDataSource - HikariPool-1 - Starting...
2025-12-30 13:47:46.112 [restartedMain] INFO  com.zaxxer.hikari.pool.HikariPool - HikariPool-1 - Added connection org.postgresql.jdbc.PgConnection@5b69a8ac
2025-12-30 13:47:46.112 [restartedMain] INFO  com.zaxxer.hikari.HikariDataSource - HikariPool-1 - Start completed.
2025-12-30 13:47:46.161 [restartedMain] WARN  org.hibernate.orm.deprecation - HHH90000025: PostgreSQLDialect does not need to be specified explicitly using 'hibernate.dialect' (remove the property setting and it will be selected by default)
2025-12-30 13:47:46.195 [restartedMain] INFO  o.hibernate.orm.connections.pooling - HHH10001005: Database info:
	Database JDBC URL [jdbc:postgresql://localhost:5432/Module4]
	Database driver: PostgreSQL JDBC Driver
	Database dialect: PostgreSQLDialect
	Database version: 17.5
	Default catalog/schema: Module4/public
	Autocommit mode: undefined/unknown
	Isolation level: READ_COMMITTED [default READ_COMMITTED]
	JDBC fetch size: none
	Pool: DataSourceConnectionProvider
	Minimum pool size: undefined/unknown
	Maximum pool size: undefined/unknown
2025-12-30 13:47:46.421 [restartedMain] INFO  o.h.e.c.i.m.AuditMetadataGenerator - Adding properties for entity: com.tech.Module4.entities.PostEntity
2025-12-30 13:47:47.346 [restartedMain] INFO  org.hibernate.orm.core - HHH000489: No JTA platform available (set 'hibernate.transaction.jta.platform' to enable JTA platform integration)
2025-12-30 13:47:47.447 [restartedMain] INFO  o.s.o.j.LocalContainerEntityManagerFactoryBean - Initialized JPA EntityManagerFactory for persistence unit 'default'
2025-12-30 13:47:47.778 [restartedMain] INFO  o.s.d.j.r.q.QueryEnhancerFactories - Hibernate is in classpath; If applicable, HQL parser will be used.
2025-12-30 13:47:47.962 [restartedMain] WARN  o.s.b.j.a.JpaBaseConfiguration$JpaWebConfiguration - spring.jpa.open-in-view is enabled by default. Therefore, database queries may be performed during view rendering. Explicitly configure spring.jpa.open-in-view to disable this warning
2025-12-30 13:47:48.340 [restartedMain] INFO  o.a.coyote.http11.Http11NioProtocol - Starting ProtocolHandler ["http-nio-9000"]
2025-12-30 13:47:48.351 [restartedMain] INFO  o.s.boot.tomcat.TomcatWebServer - Tomcat started on port 9000 (http) with context path '/'
2025-12-30 13:47:48.357 [restartedMain] INFO  com.tech.Module4.Module4Application - Started Module4Application in 5.606 seconds (process running for 6.229)
2025-12-30 13:47:49.125 [SpringApplicationShutdownHook] INFO  o.s.boot.tomcat.GracefulShutdown - Commencing graceful shutdown. Waiting for active requests to complete
2025-12-30 13:47:49.128 [tomcat-shutdown] INFO  o.s.boot.tomcat.GracefulShutdown - Graceful shutdown complete
2025-12-30 13:47:49.128 [SpringApplicationShutdownHook] INFO  o.s.o.j.LocalContainerEntityManagerFactoryBean - Closing JPA EntityManagerFactory for persistence unit 'default'
2025-12-30 13:47:49.139 [SpringApplicationShutdownHook] INFO  com.zaxxer.hikari.HikariDataSource - HikariPool-1 - Shutdown initiated...
2025-12-30 13:47:49.158 [SpringApplicationShutdownHook] INFO  com.zaxxer.hikari.HikariDataSource - HikariPool-1 - Shutdown completed.
2025-12-30 13:47:51.063 [restartedMain] INFO  com.tech.Module4.Module4Application - Starting Module4Application using Java 23.0.1 with PID 14356 (D:\coding-shuttle-spring\module4\target\classes started by amank in D:\coding-shuttle-spring\module4)
2025-12-30 13:47:51.068 [restartedMain] INFO  com.tech.Module4.Module4Application - No active profile set, falling back to 1 default profile: "default"
2025-12-30 13:47:51.128 [restartedMain] INFO  o.s.b.d.e.DevToolsPropertyDefaultsPostProcessor - Devtools property defaults active! Set 'spring.devtools.add-properties' to 'false' to disable
2025-12-30 13:47:51.128 [restartedMain] INFO  o.s.b.d.e.DevToolsPropertyDefaultsPostProcessor - For additional web related logging consider setting the 'logging.level.web' property to 'DEBUG'
2025-12-30 13:47:51.777 [restartedMain] INFO  o.s.d.r.c.RepositoryConfigurationDelegate - Bootstrapping Spring Data JPA repositories in DEFAULT mode.
2025-12-30 13:47:51.844 [restartedMain] INFO  o.s.d.r.c.RepositoryConfigurationDelegate - Finished Spring Data repository scanning in 61 ms. Found 1 JPA repository interface.
2025-12-30 13:47:52.565 [restartedMain] INFO  o.s.boot.tomcat.TomcatWebServer - Tomcat initialized with port 9000 (http)
2025-12-30 13:47:52.585 [restartedMain] INFO  o.a.coyote.http11.Http11NioProtocol - Initializing ProtocolHandler ["http-nio-9000"]
2025-12-30 13:47:52.585 [restartedMain] INFO  o.a.catalina.core.StandardService - Starting service [Tomcat]
2025-12-30 13:47:52.585 [restartedMain] INFO  o.a.catalina.core.StandardEngine - Starting Servlet engine: [Apache Tomcat/11.0.15]
2025-12-30 13:47:52.648 [restartedMain] INFO  o.s.b.w.c.s.WebApplicationContextInitializer - Root WebApplicationContext: initialization completed in 1518 ms
2025-12-30 13:47:52.821 [restartedMain] INFO  org.hibernate.orm.jpa - HHH008540: Processing PersistenceUnitInfo [name: default]
2025-12-30 13:47:52.886 [restartedMain] INFO  org.hibernate.orm.core - HHH000001: Hibernate ORM core version 7.2.0.Final
2025-12-30 13:47:53.198 [restartedMain] INFO  o.h.e.b.internal.EnversServiceImpl - Envers integration enabled? : true
2025-12-30 13:47:53.367 [restartedMain] INFO  o.s.o.j.p.SpringPersistenceUnitInfo - No LoadTimeWeaver setup: ignoring JPA class transformer
2025-12-30 13:47:53.394 [restartedMain] INFO  com.zaxxer.hikari.HikariDataSource - HikariPool-1 - Starting...
2025-12-30 13:47:53.594 [restartedMain] INFO  com.zaxxer.hikari.pool.HikariPool - HikariPool-1 - Added connection org.postgresql.jdbc.PgConnection@7911568
2025-12-30 13:47:53.594 [restartedMain] INFO  com.zaxxer.hikari.HikariDataSource - HikariPool-1 - Start completed.
2025-12-30 13:47:53.632 [restartedMain] WARN  org.hibernate.orm.deprecation - HHH90000025: PostgreSQLDialect does not need to be specified explicitly using 'hibernate.dialect' (remove the property setting and it will be selected by default)
2025-12-30 13:47:53.669 [restartedMain] INFO  o.hibernate.orm.connections.pooling - HHH10001005: Database info:
	Database JDBC URL [jdbc:postgresql://localhost:5432/Module4]
	Database driver: PostgreSQL JDBC Driver
	Database dialect: PostgreSQLDialect
	Database version: 17.5
	Default catalog/schema: Module4/public
	Autocommit mode: undefined/unknown
	Isolation level: READ_COMMITTED [default READ_COMMITTED]
	JDBC fetch size: none
	Pool: DataSourceConnectionProvider
	Minimum pool size: undefined/unknown
	Maximum pool size: undefined/unknown
2025-12-30 13:47:53.874 [restartedMain] INFO  o.h.e.c.i.m.AuditMetadataGenerator - Adding properties for entity: com.tech.Module4.entities.PostEntity
2025-12-30 13:47:54.711 [restartedMain] INFO  org.hibernate.orm.core - HHH000489: No JTA platform available (set 'hibernate.transaction.jta.platform' to enable JTA platform integration)
2025-12-30 13:47:54.821 [restartedMain] INFO  o.s.o.j.LocalContainerEntityManagerFactoryBean - Initialized JPA EntityManagerFactory for persistence unit 'default'
2025-12-30 13:47:55.138 [restartedMain] INFO  o.s.d.j.r.q.QueryEnhancerFactories - Hibernate is in classpath; If applicable, HQL parser will be used.
2025-12-30 13:47:55.327 [restartedMain] WARN  o.s.b.j.a.JpaBaseConfiguration$JpaWebConfiguration - spring.jpa.open-in-view is enabled by default. Therefore, database queries may be performed during view rendering. Explicitly configure spring.jpa.open-in-view to disable this warning
2025-12-30 13:47:55.680 [restartedMain] INFO  o.a.coyote.http11.Http11NioProtocol - Starting ProtocolHandler ["http-nio-9000"]
2025-12-30 13:47:55.695 [restartedMain] INFO  o.s.boot.tomcat.TomcatWebServer - Tomcat started on port 9000 (http) with context path '/'
2025-12-30 13:47:55.700 [restartedMain] INFO  com.tech.Module4.Module4Application - Started Module4Application in 5.171 seconds (process running for 5.876)
2025-12-30 13:49:06.730 [SpringApplicationShutdownHook] INFO  o.s.boot.tomcat.GracefulShutdown - Commencing graceful shutdown. Waiting for active requests to complete
2025-12-30 13:49:06.730 [tomcat-shutdown] INFO  o.s.boot.tomcat.GracefulShutdown - Graceful shutdown complete
2025-12-30 13:49:06.730 [SpringApplicationShutdownHook] INFO  o.s.o.j.LocalContainerEntityManagerFactoryBean - Closing JPA EntityManagerFactory for persistence unit 'default'
2025-12-30 13:49:06.745 [SpringApplicationShutdownHook] INFO  com.zaxxer.hikari.HikariDataSource - HikariPool-1 - Shutdown initiated...
2025-12-30 13:49:06.761 [SpringApplicationShutdownHook] INFO  com.zaxxer.hikari.HikariDataSource - HikariPool-1 - Shutdown completed.
2025-12-30 13:49:08.931 [restartedMain] INFO  com.tech.Module4.Module4Application - Starting Module4Application using Java 23.0.1 with PID 11348 (D:\coding-shuttle-spring\module4\target\classes started by amank in D:\coding-shuttle-spring\module4)
2025-12-30 13:49:08.931 [restartedMain] INFO  com.tech.Module4.Module4Application - No active profile set, falling back to 1 default profile: "default"
2025-12-30 13:49:09.000 [restartedMain] INFO  o.s.b.d.e.DevToolsPropertyDefaultsPostProcessor - Devtools property defaults active! Set 'spring.devtools.add-properties' to 'false' to disable
2025-12-30 13:49:09.000 [restartedMain] INFO  o.s.b.d.e.DevToolsPropertyDefaultsPostProcessor - For additional web related logging consider setting the 'logging.level.web' property to 'DEBUG'
2025-12-30 13:49:09.698 [restartedMain] INFO  o.s.d.r.c.RepositoryConfigurationDelegate - Bootstrapping Spring Data JPA repositories in DEFAULT mode.
2025-12-30 13:49:09.771 [restartedMain] INFO  o.s.d.r.c.RepositoryConfigurationDelegate - Finished Spring Data repository scanning in 66 ms. Found 1 JPA repository interface.
2025-12-30 13:49:10.481 [restartedMain] INFO  o.s.boot.tomcat.TomcatWebServer - Tomcat initialized with port 9000 (http)
2025-12-30 13:49:10.501 [restartedMain] INFO  o.a.coyote.http11.Http11NioProtocol - Initializing ProtocolHandler ["http-nio-9000"]
2025-12-30 13:49:10.501 [restartedMain] INFO  o.a.catalina.core.StandardService - Starting service [Tomcat]
2025-12-30 13:49:10.501 [restartedMain] INFO  o.a.catalina.core.StandardEngine - Starting Servlet engine: [Apache Tomcat/11.0.15]
2025-12-30 13:49:10.550 [restartedMain] INFO  o.s.b.w.c.s.WebApplicationContextInitializer - Root WebApplicationContext: initialization completed in 1550 ms
2025-12-30 13:49:10.692 [restartedMain] INFO  org.hibernate.orm.jpa - HHH008540: Processing PersistenceUnitInfo [name: default]
2025-12-30 13:49:10.748 [restartedMain] INFO  org.hibernate.orm.core - HHH000001: Hibernate ORM core version 7.2.0.Final
2025-12-30 13:49:11.004 [restartedMain] INFO  o.h.e.b.internal.EnversServiceImpl - Envers integration enabled? : true
2025-12-30 13:49:11.177 [restartedMain] INFO  o.s.o.j.p.SpringPersistenceUnitInfo - No LoadTimeWeaver setup: ignoring JPA class transformer
2025-12-30 13:49:11.214 [restartedMain] INFO  com.zaxxer.hikari.HikariDataSource - HikariPool-1 - Starting...
2025-12-30 13:49:11.415 [restartedMain] INFO  com.zaxxer.hikari.pool.HikariPool - HikariPool-1 - Added connection org.postgresql.jdbc.PgConnection@2ad56c0b
2025-12-30 13:49:11.424 [restartedMain] INFO  com.zaxxer.hikari.HikariDataSource - HikariPool-1 - Start completed.
2025-12-30 13:49:11.464 [restartedMain] WARN  org.hibernate.orm.deprecation - HHH90000025: PostgreSQLDialect does not need to be specified explicitly using 'hibernate.dialect' (remove the property setting and it will be selected by default)
2025-12-30 13:49:11.495 [restartedMain] INFO  o.hibernate.orm.connections.pooling - HHH10001005: Database info:
	Database JDBC URL [jdbc:postgresql://localhost:5432/Module4]
	Database driver: PostgreSQL JDBC Driver
	Database dialect: PostgreSQLDialect
	Database version: 17.5
	Default catalog/schema: Module4/public
	Autocommit mode: undefined/unknown
	Isolation level: READ_COMMITTED [default READ_COMMITTED]
	JDBC fetch size: none
	Pool: DataSourceConnectionProvider
	Minimum pool size: undefined/unknown
	Maximum pool size: undefined/unknown
2025-12-30 13:49:11.698 [restartedMain] INFO  o.h.e.c.i.m.AuditMetadataGenerator - Adding properties for entity: com.tech.Module4.entities.PostEntity
2025-12-30 13:49:12.576 [restartedMain] INFO  org.hibernate.orm.core - HHH000489: No JTA platform available (set 'hibernate.transaction.jta.platform' to enable JTA platform integration)
2025-12-30 13:49:12.680 [restartedMain] INFO  o.s.o.j.LocalContainerEntityManagerFactoryBean - Initialized JPA EntityManagerFactory for persistence unit 'default'
2025-12-30 13:49:12.947 [restartedMain] INFO  o.s.d.j.r.q.QueryEnhancerFactories - Hibernate is in classpath; If applicable, HQL parser will be used.
2025-12-30 13:49:13.130 [restartedMain] WARN  o.s.b.j.a.JpaBaseConfiguration$JpaWebConfiguration - spring.jpa.open-in-view is enabled by default. Therefore, database queries may be performed during view rendering. Explicitly configure spring.jpa.open-in-view to disable this warning
2025-12-30 13:49:13.430 [restartedMain] INFO  o.a.coyote.http11.Http11NioProtocol - Starting ProtocolHandler ["http-nio-9000"]
2025-12-30 13:49:13.451 [restartedMain] INFO  o.s.boot.tomcat.TomcatWebServer - Tomcat started on port 9000 (http) with context path '/'
2025-12-30 13:49:13.458 [restartedMain] INFO  com.tech.Module4.Module4Application - Started Module4Application in 5.118 seconds (process running for 5.807)
2025-12-30 13:51:10.271 [File Watcher] INFO  o.s.b.d.a.LocalDevToolsAutoConfiguration$RestartingClassPathChangeChangedEventListener - Restarting due to 1 class path change (0 additions, 0 deletions, 1 modification)
2025-12-30 13:51:10.278 [Thread-1] INFO  o.s.boot.tomcat.GracefulShutdown - Commencing graceful shutdown. Waiting for active requests to complete
2025-12-30 13:51:10.280 [tomcat-shutdown] INFO  o.a.coyote.http11.Http11NioProtocol - Pausing ProtocolHandler ["http-nio-9000"]
2025-12-30 13:51:10.289 [tomcat-shutdown] INFO  o.s.boot.tomcat.GracefulShutdown - Graceful shutdown complete
2025-12-30 13:51:10.290 [Thread-1] INFO  o.a.coyote.http11.Http11NioProtocol - Stopping ProtocolHandler ["http-nio-9000"]
2025-12-30 13:51:10.296 [Thread-1] INFO  o.s.o.j.LocalContainerEntityManagerFactoryBean - Closing JPA EntityManagerFactory for persistence unit 'default'
2025-12-30 13:51:10.302 [Thread-1] INFO  com.zaxxer.hikari.HikariDataSource - HikariPool-1 - Shutdown initiated...
2025-12-30 13:51:10.312 [Thread-1] INFO  com.zaxxer.hikari.HikariDataSource - HikariPool-1 - Shutdown completed.
2025-12-30 13:51:45.931 [restartedMain] INFO  com.tech.Module4.Module4Application - Starting Module4Application using Java 23.0.1 with PID 15884 (D:\coding-shuttle-spring\module4\target\classes started by amank in D:\coding-shuttle-spring\module4)
2025-12-30 13:51:45.933 [restartedMain] INFO  com.tech.Module4.Module4Application - No active profile set, falling back to 1 default profile: "default"
2025-12-30 13:51:46.022 [restartedMain] INFO  o.s.b.d.e.DevToolsPropertyDefaultsPostProcessor - Devtools property defaults active! Set 'spring.devtools.add-properties' to 'false' to disable
2025-12-30 13:51:46.022 [restartedMain] INFO  o.s.b.d.e.DevToolsPropertyDefaultsPostProcessor - For additional web related logging consider setting the 'logging.level.web' property to 'DEBUG'
2025-12-30 13:51:46.740 [restartedMain] INFO  o.s.d.r.c.RepositoryConfigurationDelegate - Bootstrapping Spring Data JPA repositories in DEFAULT mode.
2025-12-30 13:51:46.805 [restartedMain] INFO  o.s.d.r.c.RepositoryConfigurationDelegate - Finished Spring Data repository scanning in 56 ms. Found 1 JPA repository interface.
2025-12-30 13:51:47.499 [restartedMain] INFO  o.s.boot.tomcat.TomcatWebServer - Tomcat initialized with port 9000 (http)
2025-12-30 13:51:47.504 [restartedMain] INFO  o.a.coyote.http11.Http11NioProtocol - Initializing ProtocolHandler ["http-nio-9000"]
2025-12-30 13:51:47.515 [restartedMain] INFO  o.a.catalina.core.StandardService - Starting service [Tomcat]
2025-12-30 13:51:47.515 [restartedMain] INFO  o.a.catalina.core.StandardEngine - Starting Servlet engine: [Apache Tomcat/11.0.15]
2025-12-30 13:51:47.566 [restartedMain] INFO  o.s.b.w.c.s.WebApplicationContextInitializer - Root WebApplicationContext: initialization completed in 1544 ms
2025-12-30 13:51:47.742 [restartedMain] INFO  org.hibernate.orm.jpa - HHH008540: Processing PersistenceUnitInfo [name: default]
2025-12-30 13:51:47.805 [restartedMain] INFO  org.hibernate.orm.core - HHH000001: Hibernate ORM core version 7.2.0.Final
2025-12-30 13:51:48.121 [restartedMain] INFO  o.h.e.b.internal.EnversServiceImpl - Envers integration enabled? : true
2025-12-30 13:51:48.346 [restartedMain] INFO  o.s.o.j.p.SpringPersistenceUnitInfo - No LoadTimeWeaver setup: ignoring JPA class transformer
2025-12-30 13:51:48.389 [restartedMain] INFO  com.zaxxer.hikari.HikariDataSource - HikariPool-1 - Starting...
2025-12-30 13:51:48.604 [restartedMain] INFO  com.zaxxer.hikari.pool.HikariPool - HikariPool-1 - Added connection org.postgresql.jdbc.PgConnection@1cff0d77
2025-12-30 13:51:48.604 [restartedMain] INFO  com.zaxxer.hikari.HikariDataSource - HikariPool-1 - Start completed.
2025-12-30 13:51:48.658 [restartedMain] WARN  org.hibernate.orm.deprecation - HHH90000025: PostgreSQLDialect does not need to be specified explicitly using 'hibernate.dialect' (remove the property setting and it will be selected by default)
2025-12-30 13:51:48.688 [restartedMain] INFO  o.hibernate.orm.connections.pooling - HHH10001005: Database info:
	Database JDBC URL [jdbc:postgresql://localhost:5432/Module4]
	Database driver: PostgreSQL JDBC Driver
	Database dialect: PostgreSQLDialect
	Database version: 17.5
	Default catalog/schema: Module4/public
	Autocommit mode: undefined/unknown
	Isolation level: READ_COMMITTED [default READ_COMMITTED]
	JDBC fetch size: none
	Pool: DataSourceConnectionProvider
	Minimum pool size: undefined/unknown
	Maximum pool size: undefined/unknown
2025-12-30 13:51:48.922 [restartedMain] INFO  o.h.e.c.i.m.AuditMetadataGenerator - Adding properties for entity: com.tech.Module4.entities.PostEntity
2025-12-30 13:51:49.804 [restartedMain] INFO  org.hibernate.orm.core - HHH000489: No JTA platform available (set 'hibernate.transaction.jta.platform' to enable JTA platform integration)
2025-12-30 13:51:49.904 [restartedMain] INFO  o.s.o.j.LocalContainerEntityManagerFactoryBean - Initialized JPA EntityManagerFactory for persistence unit 'default'
2025-12-30 13:51:50.154 [restartedMain] INFO  o.s.d.j.r.q.QueryEnhancerFactories - Hibernate is in classpath; If applicable, HQL parser will be used.
2025-12-30 13:51:50.298 [restartedMain] WARN  o.s.b.j.a.JpaBaseConfiguration$JpaWebConfiguration - spring.jpa.open-in-view is enabled by default. Therefore, database queries may be performed during view rendering. Explicitly configure spring.jpa.open-in-view to disable this warning
2025-12-30 13:51:50.587 [restartedMain] INFO  o.a.coyote.http11.Http11NioProtocol - Starting ProtocolHandler ["http-nio-9000"]
2025-12-30 13:51:50.597 [restartedMain] INFO  o.s.boot.tomcat.TomcatWebServer - Tomcat started on port 9000 (http) with context path '/'
2025-12-30 13:51:50.604 [restartedMain] INFO  com.tech.Module4.Module4Application - Started Module4Application in 5.242 seconds (process running for 5.847)
2025-12-30 13:52:06.201 [SpringApplicationShutdownHook] INFO  o.s.boot.tomcat.GracefulShutdown - Commencing graceful shutdown. Waiting for active requests to complete
2025-12-30 13:52:06.201 [tomcat-shutdown] INFO  o.s.boot.tomcat.GracefulShutdown - Graceful shutdown complete
2025-12-30 13:52:06.201 [SpringApplicationShutdownHook] INFO  o.s.o.j.LocalContainerEntityManagerFactoryBean - Closing JPA EntityManagerFactory for persistence unit 'default'
2025-12-30 13:52:06.218 [SpringApplicationShutdownHook] INFO  com.zaxxer.hikari.HikariDataSource - HikariPool-1 - Shutdown initiated...
2025-12-30 13:52:06.218 [SpringApplicationShutdownHook] INFO  com.zaxxer.hikari.HikariDataSource - HikariPool-1 - Shutdown completed.
2025-12-30 13:52:10.617 [restartedMain] INFO  com.tech.Module4.Module4Application - Starting Module4Application using Java 23.0.1 with PID 14728 (D:\coding-shuttle-spring\module4\target\classes started by amank in D:\coding-shuttle-spring\module4)
2025-12-30 13:52:10.617 [restartedMain] INFO  com.tech.Module4.Module4Application - No active profile set, falling back to 1 default profile: "default"
2025-12-30 13:52:10.688 [restartedMain] INFO  o.s.b.d.e.DevToolsPropertyDefaultsPostProcessor - Devtools property defaults active! Set 'spring.devtools.add-properties' to 'false' to disable
2025-12-30 13:52:10.688 [restartedMain] INFO  o.s.b.d.e.DevToolsPropertyDefaultsPostProcessor - For additional web related logging consider setting the 'logging.level.web' property to 'DEBUG'
2025-12-30 13:52:11.384 [restartedMain] INFO  o.s.d.r.c.RepositoryConfigurationDelegate - Bootstrapping Spring Data JPA repositories in DEFAULT mode.
2025-12-30 13:52:11.450 [restartedMain] INFO  o.s.d.r.c.RepositoryConfigurationDelegate - Finished Spring Data repository scanning in 61 ms. Found 1 JPA repository interface.
2025-12-30 13:52:12.150 [restartedMain] INFO  o.s.boot.tomcat.TomcatWebServer - Tomcat initialized with port 9000 (http)
2025-12-30 13:52:12.167 [restartedMain] INFO  o.a.coyote.http11.Http11NioProtocol - Initializing ProtocolHandler ["http-nio-9000"]
2025-12-30 13:52:12.171 [restartedMain] INFO  o.a.catalina.core.StandardService - Starting service [Tomcat]
2025-12-30 13:52:12.171 [restartedMain] INFO  o.a.catalina.core.StandardEngine - Starting Servlet engine: [Apache Tomcat/11.0.15]
2025-12-30 13:52:12.215 [restartedMain] INFO  o.s.b.w.c.s.WebApplicationContextInitializer - Root WebApplicationContext: initialization completed in 1526 ms
2025-12-30 13:52:12.366 [restartedMain] INFO  org.hibernate.orm.jpa - HHH008540: Processing PersistenceUnitInfo [name: default]
2025-12-30 13:52:12.428 [restartedMain] INFO  org.hibernate.orm.core - HHH000001: Hibernate ORM core version 7.2.0.Final
2025-12-30 13:52:12.701 [restartedMain] INFO  o.h.e.b.internal.EnversServiceImpl - Envers integration enabled? : true
2025-12-30 13:52:12.889 [restartedMain] INFO  o.s.o.j.p.SpringPersistenceUnitInfo - No LoadTimeWeaver setup: ignoring JPA class transformer
2025-12-30 13:52:12.918 [restartedMain] INFO  com.zaxxer.hikari.HikariDataSource - HikariPool-1 - Starting...
2025-12-30 13:52:13.104 [restartedMain] INFO  com.zaxxer.hikari.pool.HikariPool - HikariPool-1 - Added connection org.postgresql.jdbc.PgConnection@6e1e0ce0
2025-12-30 13:52:13.104 [restartedMain] INFO  com.zaxxer.hikari.HikariDataSource - HikariPool-1 - Start completed.
2025-12-30 13:52:13.146 [restartedMain] WARN  org.hibernate.orm.deprecation - HHH90000025: PostgreSQLDialect does not need to be specified explicitly using 'hibernate.dialect' (remove the property setting and it will be selected by default)
2025-12-30 13:52:13.178 [restartedMain] INFO  o.hibernate.orm.connections.pooling - HHH10001005: Database info:
	Database JDBC URL [jdbc:postgresql://localhost:5432/Module4]
	Database driver: PostgreSQL JDBC Driver
	Database dialect: PostgreSQLDialect
	Database version: 17.5
	Default catalog/schema: Module4/public
	Autocommit mode: undefined/unknown
	Isolation level: READ_COMMITTED [default READ_COMMITTED]
	JDBC fetch size: none
	Pool: DataSourceConnectionProvider
	Minimum pool size: undefined/unknown
	Maximum pool size: undefined/unknown
2025-12-30 13:52:13.383 [restartedMain] INFO  o.h.e.c.i.m.AuditMetadataGenerator - Adding properties for entity: com.tech.Module4.entities.PostEntity
2025-12-30 13:52:14.923 [restartedMain] INFO  org.hibernate.orm.core - HHH000489: No JTA platform available (set 'hibernate.transaction.jta.platform' to enable JTA platform integration)
2025-12-30 13:52:15.076 [restartedMain] INFO  o.s.o.j.LocalContainerEntityManagerFactoryBean - Initialized JPA EntityManagerFactory for persistence unit 'default'
2025-12-30 13:52:15.568 [restartedMain] INFO  o.s.d.j.r.q.QueryEnhancerFactories - Hibernate is in classpath; If applicable, HQL parser will be used.
2025-12-30 13:52:15.860 [restartedMain] WARN  o.s.b.j.a.JpaBaseConfiguration$JpaWebConfiguration - spring.jpa.open-in-view is enabled by default. Therefore, database queries may be performed during view rendering. Explicitly configure spring.jpa.open-in-view to disable this warning
2025-12-30 13:52:16.803 [restartedMain] INFO  o.a.coyote.http11.Http11NioProtocol - Starting ProtocolHandler ["http-nio-9000"]
2025-12-30 13:52:16.862 [restartedMain] INFO  o.s.boot.tomcat.TomcatWebServer - Tomcat started on port 9000 (http) with context path '/'
2025-12-30 13:52:16.885 [restartedMain] INFO  com.tech.Module4.Module4Application - Started Module4Application in 6.804 seconds (process running for 7.414)
2025-12-30 13:52:49.306 [SpringApplicationShutdownHook] INFO  o.s.boot.tomcat.GracefulShutdown - Commencing graceful shutdown. Waiting for active requests to complete
2025-12-30 13:52:49.324 [tomcat-shutdown] INFO  o.s.boot.tomcat.GracefulShutdown - Graceful shutdown complete
2025-12-30 13:52:49.328 [SpringApplicationShutdownHook] INFO  o.s.o.j.LocalContainerEntityManagerFactoryBean - Closing JPA EntityManagerFactory for persistence unit 'default'
2025-12-30 13:52:49.334 [SpringApplicationShutdownHook] INFO  com.zaxxer.hikari.HikariDataSource - HikariPool-1 - Shutdown initiated...
2025-12-30 13:52:49.347 [SpringApplicationShutdownHook] INFO  com.zaxxer.hikari.HikariDataSource - HikariPool-1 - Shutdown completed.
2025-12-30 13:53:00.101 [restartedMain] INFO  com.tech.Module4.Module4Application - Starting Module4Application using Java 23.0.1 with PID 1144 (D:\coding-shuttle-spring\module4\target\classes started by amank in D:\coding-shuttle-spring\module4)
2025-12-30 13:53:00.104 [restartedMain] INFO  com.tech.Module4.Module4Application - No active profile set, falling back to 1 default profile: "default"
2025-12-30 13:53:00.175 [restartedMain] INFO  o.s.b.d.e.DevToolsPropertyDefaultsPostProcessor - Devtools property defaults active! Set 'spring.devtools.add-properties' to 'false' to disable
2025-12-30 13:53:00.175 [restartedMain] INFO  o.s.b.d.e.DevToolsPropertyDefaultsPostProcessor - For additional web related logging consider setting the 'logging.level.web' property to 'DEBUG'
2025-12-30 13:53:00.847 [restartedMain] INFO  o.s.d.r.c.RepositoryConfigurationDelegate - Bootstrapping Spring Data JPA repositories in DEFAULT mode.
2025-12-30 13:53:00.921 [restartedMain] INFO  o.s.d.r.c.RepositoryConfigurationDelegate - Finished Spring Data repository scanning in 66 ms. Found 1 JPA repository interface.
2025-12-30 13:53:01.614 [restartedMain] INFO  o.s.boot.tomcat.TomcatWebServer - Tomcat initialized with port 9000 (http)
2025-12-30 13:53:01.630 [restartedMain] INFO  o.a.coyote.http11.Http11NioProtocol - Initializing ProtocolHandler ["http-nio-9000"]
2025-12-30 13:53:01.634 [restartedMain] INFO  o.a.catalina.core.StandardService - Starting service [Tomcat]
2025-12-30 13:53:01.634 [restartedMain] INFO  o.a.catalina.core.StandardEngine - Starting Servlet engine: [Apache Tomcat/11.0.15]
2025-12-30 13:53:01.693 [restartedMain] INFO  o.s.b.w.c.s.WebApplicationContextInitializer - Root WebApplicationContext: initialization completed in 1517 ms
2025-12-30 13:53:01.861 [restartedMain] INFO  org.hibernate.orm.jpa - HHH008540: Processing PersistenceUnitInfo [name: default]
2025-12-30 13:53:01.920 [restartedMain] INFO  org.hibernate.orm.core - HHH000001: Hibernate ORM core version 7.2.0.Final
2025-12-30 13:53:02.233 [restartedMain] INFO  o.h.e.b.internal.EnversServiceImpl - Envers integration enabled? : true
2025-12-30 13:53:02.475 [restartedMain] INFO  o.s.o.j.p.SpringPersistenceUnitInfo - No LoadTimeWeaver setup: ignoring JPA class transformer
2025-12-30 13:53:02.519 [restartedMain] INFO  com.zaxxer.hikari.HikariDataSource - HikariPool-1 - Starting...
2025-12-30 13:53:02.740 [restartedMain] INFO  com.zaxxer.hikari.pool.HikariPool - HikariPool-1 - Added connection org.postgresql.jdbc.PgConnection@79eccfde
2025-12-30 13:53:02.742 [restartedMain] INFO  com.zaxxer.hikari.HikariDataSource - HikariPool-1 - Start completed.
2025-12-30 13:53:02.821 [restartedMain] WARN  org.hibernate.orm.deprecation - HHH90000025: PostgreSQLDialect does not need to be specified explicitly using 'hibernate.dialect' (remove the property setting and it will be selected by default)
2025-12-30 13:53:02.865 [restartedMain] INFO  o.hibernate.orm.connections.pooling - HHH10001005: Database info:
	Database JDBC URL [jdbc:postgresql://localhost:5432/Module4]
	Database driver: PostgreSQL JDBC Driver
	Database dialect: PostgreSQLDialect
	Database version: 17.5
	Default catalog/schema: Module4/public
	Autocommit mode: undefined/unknown
	Isolation level: READ_COMMITTED [default READ_COMMITTED]
	JDBC fetch size: none
	Pool: DataSourceConnectionProvider
	Minimum pool size: undefined/unknown
	Maximum pool size: undefined/unknown
2025-12-30 13:53:03.097 [restartedMain] INFO  o.h.e.c.i.m.AuditMetadataGenerator - Adding properties for entity: com.tech.Module4.entities.PostEntity
2025-12-30 13:53:03.959 [restartedMain] INFO  org.hibernate.orm.core - HHH000489: No JTA platform available (set 'hibernate.transaction.jta.platform' to enable JTA platform integration)
2025-12-30 13:53:04.071 [restartedMain] INFO  o.s.o.j.LocalContainerEntityManagerFactoryBean - Initialized JPA EntityManagerFactory for persistence unit 'default'
2025-12-30 13:53:04.358 [restartedMain] INFO  o.s.d.j.r.q.QueryEnhancerFactories - Hibernate is in classpath; If applicable, HQL parser will be used.
2025-12-30 13:53:04.525 [restartedMain] WARN  o.s.b.j.a.JpaBaseConfiguration$JpaWebConfiguration - spring.jpa.open-in-view is enabled by default. Therefore, database queries may be performed during view rendering. Explicitly configure spring.jpa.open-in-view to disable this warning
2025-12-30 13:53:04.832 [restartedMain] INFO  o.a.coyote.http11.Http11NioProtocol - Starting ProtocolHandler ["http-nio-9000"]
2025-12-30 13:53:04.854 [restartedMain] INFO  o.s.boot.tomcat.TomcatWebServer - Tomcat started on port 9000 (http) with context path '/'
2025-12-30 13:53:04.861 [restartedMain] INFO  com.tech.Module4.Module4Application - Started Module4Application in 5.334 seconds (process running for 6.063)
2025-12-30 13:54:20.364 [SpringApplicationShutdownHook] INFO  o.s.boot.tomcat.GracefulShutdown - Commencing graceful shutdown. Waiting for active requests to complete
2025-12-30 13:54:20.390 [tomcat-shutdown] INFO  o.s.boot.tomcat.GracefulShutdown - Graceful shutdown complete
2025-12-30 13:54:20.397 [SpringApplicationShutdownHook] INFO  o.s.o.j.LocalContainerEntityManagerFactoryBean - Closing JPA EntityManagerFactory for persistence unit 'default'
2025-12-30 13:54:20.397 [SpringApplicationShutdownHook] INFO  com.zaxxer.hikari.HikariDataSource - HikariPool-1 - Shutdown initiated...
2025-12-30 13:54:20.423 [SpringApplicationShutdownHook] INFO  com.zaxxer.hikari.HikariDataSource - HikariPool-1 - Shutdown completed.
2025-12-30 13:54:23.873 [restartedMain] INFO  com.tech.Module4.Module4Application - Starting Module4Application using Java 23.0.1 with PID 24456 (D:\coding-shuttle-spring\module4\target\classes started by amank in D:\coding-shuttle-spring\module4)
2025-12-30 13:54:23.881 [restartedMain] INFO  com.tech.Module4.Module4Application - No active profile set, falling back to 1 default profile: "default"
2025-12-30 13:54:24.006 [restartedMain] INFO  o.s.b.d.e.DevToolsPropertyDefaultsPostProcessor - Devtools property defaults active! Set 'spring.devtools.add-properties' to 'false' to disable
2025-12-30 13:54:24.006 [restartedMain] INFO  o.s.b.d.e.DevToolsPropertyDefaultsPostProcessor - For additional web related logging consider setting the 'logging.level.web' property to 'DEBUG'
2025-12-30 13:54:25.084 [restartedMain] INFO  o.s.d.r.c.RepositoryConfigurationDelegate - Bootstrapping Spring Data JPA repositories in DEFAULT mode.
2025-12-30 13:54:25.198 [restartedMain] INFO  o.s.d.r.c.RepositoryConfigurationDelegate - Finished Spring Data repository scanning in 89 ms. Found 1 JPA repository interface.
2025-12-30 13:54:26.280 [restartedMain] INFO  o.s.boot.tomcat.TomcatWebServer - Tomcat initialized with port 9000 (http)
2025-12-30 13:54:26.309 [restartedMain] INFO  o.a.coyote.http11.Http11NioProtocol - Initializing ProtocolHandler ["http-nio-9000"]
2025-12-30 13:54:26.313 [restartedMain] INFO  o.a.catalina.core.StandardService - Starting service [Tomcat]
2025-12-30 13:54:26.313 [restartedMain] INFO  o.a.catalina.core.StandardEngine - Starting Servlet engine: [Apache Tomcat/11.0.15]
2025-12-30 13:54:26.396 [restartedMain] INFO  o.s.b.w.c.s.WebApplicationContextInitializer - Root WebApplicationContext: initialization completed in 2390 ms
2025-12-30 13:54:26.628 [restartedMain] INFO  org.hibernate.orm.jpa - HHH008540: Processing PersistenceUnitInfo [name: default]
2025-12-30 13:54:26.769 [restartedMain] INFO  org.hibernate.orm.core - HHH000001: Hibernate ORM core version 7.2.0.Final
2025-12-30 13:54:27.312 [restartedMain] INFO  o.h.e.b.internal.EnversServiceImpl - Envers integration enabled? : true
2025-12-30 13:54:27.639 [restartedMain] INFO  o.s.o.j.p.SpringPersistenceUnitInfo - No LoadTimeWeaver setup: ignoring JPA class transformer
2025-12-30 13:54:27.695 [restartedMain] INFO  com.zaxxer.hikari.HikariDataSource - HikariPool-1 - Starting...
2025-12-30 13:54:28.019 [restartedMain] INFO  com.zaxxer.hikari.pool.HikariPool - HikariPool-1 - Added connection org.postgresql.jdbc.PgConnection@3628f0d4
2025-12-30 13:54:28.021 [restartedMain] INFO  com.zaxxer.hikari.HikariDataSource - HikariPool-1 - Start completed.
2025-12-30 13:54:28.081 [restartedMain] WARN  org.hibernate.orm.deprecation - HHH90000025: PostgreSQLDialect does not need to be specified explicitly using 'hibernate.dialect' (remove the property setting and it will be selected by default)
2025-12-30 13:54:28.136 [restartedMain] INFO  o.hibernate.orm.connections.pooling - HHH10001005: Database info:
	Database JDBC URL [jdbc:postgresql://localhost:5432/Module4]
	Database driver: PostgreSQL JDBC Driver
	Database dialect: PostgreSQLDialect
	Database version: 17.5
	Default catalog/schema: Module4/public
	Autocommit mode: undefined/unknown
	Isolation level: READ_COMMITTED [default READ_COMMITTED]
	JDBC fetch size: none
	Pool: DataSourceConnectionProvider
	Minimum pool size: undefined/unknown
	Maximum pool size: undefined/unknown
2025-12-30 13:54:28.629 [restartedMain] INFO  o.h.e.c.i.m.AuditMetadataGenerator - Adding properties for entity: com.tech.Module4.entities.PostEntity
2025-12-30 13:54:30.295 [restartedMain] INFO  org.hibernate.orm.core - HHH000489: No JTA platform available (set 'hibernate.transaction.jta.platform' to enable JTA platform integration)
2025-12-30 13:54:30.445 [restartedMain] INFO  o.s.o.j.LocalContainerEntityManagerFactoryBean - Initialized JPA EntityManagerFactory for persistence unit 'default'
2025-12-30 13:54:30.902 [restartedMain] INFO  o.s.d.j.r.q.QueryEnhancerFactories - Hibernate is in classpath; If applicable, HQL parser will be used.
2025-12-30 13:54:31.165 [restartedMain] WARN  o.s.b.j.a.JpaBaseConfiguration$JpaWebConfiguration - spring.jpa.open-in-view is enabled by default. Therefore, database queries may be performed during view rendering. Explicitly configure spring.jpa.open-in-view to disable this warning
2025-12-30 13:54:31.701 [restartedMain] INFO  o.s.boot.tomcat.TomcatWebServer - Tomcat started on port 9000 (http) with context path '/'
2025-12-30 13:54:31.702 [restartedMain] INFO  com.tech.Module4.Module4Application - Started Module4Application in 8.785 seconds (process running for 10.081)
2025-12-30 13:54:31.713 [SpringApplicationShutdownHook] INFO  o.s.boot.tomcat.GracefulShutdown - Commencing graceful shutdown. Waiting for active requests to complete
2025-12-30 13:54:31.729 [tomcat-shutdown] INFO  o.s.boot.tomcat.GracefulShutdown - Graceful shutdown complete
2025-12-30 13:54:31.729 [SpringApplicationShutdownHook] INFO  o.s.o.j.LocalContainerEntityManagerFactoryBean - Closing JPA EntityManagerFactory for persistence unit 'default'
2025-12-30 13:54:31.743 [SpringApplicationShutdownHook] INFO  com.zaxxer.hikari.HikariDataSource - HikariPool-1 - Shutdown initiated...
2025-12-30 13:54:31.757 [SpringApplicationShutdownHook] INFO  com.zaxxer.hikari.HikariDataSource - HikariPool-1 - Shutdown completed.
2025-12-30 13:54:37.117 [restartedMain] INFO  com.tech.Module4.Module4Application - Starting Module4Application using Java 23.0.1 with PID 29304 (D:\coding-shuttle-spring\module4\target\classes started by amank in D:\coding-shuttle-spring\module4)
2025-12-30 13:54:37.119 [restartedMain] INFO  com.tech.Module4.Module4Application - No active profile set, falling back to 1 default profile: "default"
2025-12-30 13:54:37.240 [restartedMain] INFO  o.s.b.d.e.DevToolsPropertyDefaultsPostProcessor - Devtools property defaults active! Set 'spring.devtools.add-properties' to 'false' to disable
2025-12-30 13:54:37.240 [restartedMain] INFO  o.s.b.d.e.DevToolsPropertyDefaultsPostProcessor - For additional web related logging consider setting the 'logging.level.web' property to 'DEBUG'
2025-12-30 13:54:38.326 [restartedMain] INFO  o.s.d.r.c.RepositoryConfigurationDelegate - Bootstrapping Spring Data JPA repositories in DEFAULT mode.
2025-12-30 13:54:38.415 [restartedMain] INFO  o.s.d.r.c.RepositoryConfigurationDelegate - Finished Spring Data repository scanning in 77 ms. Found 1 JPA repository interface.
2025-12-30 13:54:39.454 [restartedMain] INFO  o.s.boot.tomcat.TomcatWebServer - Tomcat initialized with port 9000 (http)
2025-12-30 13:54:39.476 [restartedMain] INFO  o.a.coyote.http11.Http11NioProtocol - Initializing ProtocolHandler ["http-nio-9000"]
2025-12-30 13:54:39.477 [restartedMain] INFO  o.a.catalina.core.StandardService - Starting service [Tomcat]
2025-12-30 13:54:39.477 [restartedMain] INFO  o.a.catalina.core.StandardEngine - Starting Servlet engine: [Apache Tomcat/11.0.15]
2025-12-30 13:54:39.555 [restartedMain] INFO  o.s.b.w.c.s.WebApplicationContextInitializer - Root WebApplicationContext: initialization completed in 2313 ms
2025-12-30 13:54:39.799 [restartedMain] INFO  org.hibernate.orm.jpa - HHH008540: Processing PersistenceUnitInfo [name: default]
2025-12-30 13:54:39.909 [restartedMain] INFO  org.hibernate.orm.core - HHH000001: Hibernate ORM core version 7.2.0.Final
2025-12-30 13:54:40.360 [restartedMain] INFO  o.h.e.b.internal.EnversServiceImpl - Envers integration enabled? : true
2025-12-30 13:54:40.660 [restartedMain] INFO  o.s.o.j.p.SpringPersistenceUnitInfo - No LoadTimeWeaver setup: ignoring JPA class transformer
2025-12-30 13:54:40.729 [restartedMain] INFO  com.zaxxer.hikari.HikariDataSource - HikariPool-1 - Starting...
2025-12-30 13:54:41.052 [restartedMain] INFO  com.zaxxer.hikari.pool.HikariPool - HikariPool-1 - Added connection org.postgresql.jdbc.PgConnection@6e1e0ce0
2025-12-30 13:54:41.052 [restartedMain] INFO  com.zaxxer.hikari.HikariDataSource - HikariPool-1 - Start completed.
2025-12-30 13:54:41.111 [restartedMain] WARN  org.hibernate.orm.deprecation - HHH90000025: PostgreSQLDialect does not need to be specified explicitly using 'hibernate.dialect' (remove the property setting and it will be selected by default)
2025-12-30 13:54:41.167 [restartedMain] INFO  o.hibernate.orm.connections.pooling - HHH10001005: Database info:
	Database JDBC URL [jdbc:postgresql://localhost:5432/Module4]
	Database driver: PostgreSQL JDBC Driver
	Database dialect: PostgreSQLDialect
	Database version: 17.5
	Default catalog/schema: Module4/public
	Autocommit mode: undefined/unknown
	Isolation level: READ_COMMITTED [default READ_COMMITTED]
	JDBC fetch size: none
	Pool: DataSourceConnectionProvider
	Minimum pool size: undefined/unknown
	Maximum pool size: undefined/unknown
2025-12-30 13:54:41.527 [restartedMain] INFO  o.h.e.c.i.m.AuditMetadataGenerator - Adding properties for entity: com.tech.Module4.entities.PostEntity
2025-12-30 13:54:42.949 [restartedMain] INFO  org.hibernate.orm.core - HHH000489: No JTA platform available (set 'hibernate.transaction.jta.platform' to enable JTA platform integration)
2025-12-30 13:54:43.090 [restartedMain] INFO  o.s.o.j.LocalContainerEntityManagerFactoryBean - Initialized JPA EntityManagerFactory for persistence unit 'default'
2025-12-30 13:54:43.553 [restartedMain] INFO  o.s.d.j.r.q.QueryEnhancerFactories - Hibernate is in classpath; If applicable, HQL parser will be used.
2025-12-30 13:54:43.808 [restartedMain] WARN  o.s.b.j.a.JpaBaseConfiguration$JpaWebConfiguration - spring.jpa.open-in-view is enabled by default. Therefore, database queries may be performed during view rendering. Explicitly configure spring.jpa.open-in-view to disable this warning
2025-12-30 13:54:44.344 [restartedMain] INFO  o.a.coyote.http11.Http11NioProtocol - Starting ProtocolHandler ["http-nio-9000"]
2025-12-30 13:54:44.359 [restartedMain] INFO  o.s.boot.tomcat.TomcatWebServer - Tomcat started on port 9000 (http) with context path '/'
2025-12-30 13:54:44.368 [restartedMain] INFO  com.tech.Module4.Module4Application - Started Module4Application in 8.208 seconds (process running for 9.282)
2025-12-30 13:55:00.873 [SpringApplicationShutdownHook] INFO  o.s.boot.tomcat.GracefulShutdown - Commencing graceful shutdown. Waiting for active requests to complete
2025-12-30 13:55:00.878 [tomcat-shutdown] INFO  o.s.boot.tomcat.GracefulShutdown - Graceful shutdown complete
2025-12-30 13:55:00.884 [SpringApplicationShutdownHook] INFO  o.s.o.j.LocalContainerEntityManagerFactoryBean - Closing JPA EntityManagerFactory for persistence unit 'default'
2025-12-30 13:55:00.889 [SpringApplicationShutdownHook] INFO  com.zaxxer.hikari.HikariDataSource - HikariPool-1 - Shutdown initiated...
2025-12-30 13:55:00.901 [SpringApplicationShutdownHook] INFO  com.zaxxer.hikari.HikariDataSource - HikariPool-1 - Shutdown completed.
